#
# There is insufficient memory for the Java Runtime Environment to continue.
# Native memory allocation (malloc) failed to allocate 2097152 bytes. Error detail: AllocateHeap
# Possible reasons:
#   The system is out of physical RAM or swap space
#   This process is running with CompressedOops enabled, and the Java Heap may be blocking the growth of the native heap
# Possible solutions:
#   Reduce memory load on the system
#   Increase physical memory or swap space
#   Check if swap backing store is full
#   Decrease Java heap size (-Xmx/-Xms)
#   Decrease number of Java threads
#   Decrease Java thread stack sizes (-Xss)
#   Set larger code cache with -XX:ReservedCodeCacheSize=
#   JVM is running with Unscaled Compressed Oops mode in which the Java heap is
#     placed in the first 4GB address space. The Java Heap base address is the
#     maximum limit for the native heap growth. Please use -XX:HeapBaseMinAddress
#     to set the Java Heap base and to place the Java Heap above 4GB virtual address.
# This output file may be truncated or incomplete.
#
#  Out of Memory Error (allocation.cpp:44), pid=7120, tid=15164
#
# JRE version: OpenJDK Runtime Environment JBR-21.0.6+8-631.39-jcef (21.0.6+8) (build 21.0.6+8-b631.39)
# Java VM: OpenJDK 64-Bit Server VM JBR-21.0.6+8-631.39-jcef (21.0.6+8-b631.39, mixed mode, sharing, tiered, compressed oops, compressed class ptrs, g1 gc, windows-amd64)
# No core dump will be written. Minidumps are not enabled by default on client versions of Windows
#

---------------  S U M M A R Y ------------

Command Line: -Dorg.sqlite.tmpdir=C:\Users\tiles\AppData\Local\JetBrains\PhpStorm2024.3\jdbc-native-deps\Xerial SQLiteJDBC\3.45.1\sqlite-jdbc-3.45.1.0\libs -Djava.rmi.server.hostname=127.0.0.1 -Duser.timezone=UTC -Xmx2048m -Xms128m -Djdbc.classpath=C:\Users\tiles\AppData\Local\Temp\RemoteDriver10.classpath.txt --add-exports=java.desktop/sun.awt=ALL-UNNAMED --add-exports=java.desktop/java.awt.peer=ALL-UNNAMED --add-opens=java.desktop/java.awt=ALL-UNNAMED --add-opens=jdk.unsupported/sun.misc=ALL-UNNAMED --add-opens=java.base/java.nio=ALL-UNNAMED --add-opens=java.base/java.util=ALL-UNNAMED -Dfile.encoding=UTF-8 -Dsun.stdout.encoding=UTF-8 -Dsun.stderr.encoding=UTF-8 com.intellij.database.remote.RemoteJdbcServer org.sqlite.JDBC

Host: Intel(R) Core(TM) i3-1005G1 CPU @ 1.20GHz, 4 cores, 3G,  Windows 10 , 64 bit Build 19041 (10.0.19041.5438)
Time: Sun Mar 16 23:45:00 2025 RTZ 4 (s 10 , 64 bit Build 19041 (10.0.19041.5438) elapsed time: 7200.335094 seconds (0d 2h 0m 0s)

---------------  T H R E A D  ---------------

Current thread (0x000002b47ebe5b90):  VMThread "VM Thread"          [id=15164, stack(0x000000cd88a00000,0x000000cd88b00000) (1024K)]

Stack: [0x000000cd88a00000,0x000000cd88b00000]
Native frames: (J=compiled Java code, j=interpreted, Vv=VM code, C=native code)
V  [jvm.dll+0x6e5d39]
V  [jvm.dll+0x8c4133]
V  [jvm.dll+0x8c668e]
V  [jvm.dll+0x8c6d73]
V  [jvm.dll+0x288f76]
V  [jvm.dll+0xc0e57]
V  [jvm.dll+0x353eae]
V  [jvm.dll+0x34d74e]
V  [jvm.dll+0x3357d9]
V  [jvm.dll+0x379b24]
V  [jvm.dll+0x8ccaf8]
V  [jvm.dll+0x8cde74]
V  [jvm.dll+0x8ce3b0]
V  [jvm.dll+0x8ce643]
V  [jvm.dll+0x86bd48]
V  [jvm.dll+0x6e453d]
C  [ucrtbase.dll+0x21bb2]
C  [KERNEL32.DLL+0x17374]
C  [ntdll.dll+0x4cc91]

VM_Operation (0x000000cd89bfefb0): G1CollectFull, mode: safepoint, requested by thread 0x000002b47f37dd70


---------------  P R O C E S S  ---------------

Threads class SMR info:
_java_thread_list=0x000002b47f2cf040, length=19, elements={
0x000002b473cd4900, 0x000002b47ec01e50, 0x000002b47ec02f10, 0x000002b47ec06d00,
0x000002b47ec08fb0, 0x000002b47ec09a00, 0x000002b47ec0a450, 0x000002b47ec0ec80,
0x000002b47ec0f320, 0x000002b47ee8aae0, 0x000002b47ee92340, 0x000002b47f30fd20,
0x000002b47f00acf0, 0x000002b47f37d710, 0x000002b47f37dd70, 0x000002b47f30c0b0,
0x000002b47f2ba570, 0x000002b47f2c3a40, 0x000002b47f2c4760
}

Java Threads: ( => current thread )
  0x000002b473cd4900 JavaThread "main"                              [_thread_blocked, id=5152, stack(0x000000cd88300000,0x000000cd88400000) (1024K)]
  0x000002b47ec01e50 JavaThread "Reference Handler"          daemon [_thread_blocked, id=12708, stack(0x000000cd88b00000,0x000000cd88c00000) (1024K)]
  0x000002b47ec02f10 JavaThread "Finalizer"                  daemon [_thread_blocked, id=13404, stack(0x000000cd88c00000,0x000000cd88d00000) (1024K)]
  0x000002b47ec06d00 JavaThread "Signal Dispatcher"          daemon [_thread_blocked, id=13528, stack(0x000000cd88d00000,0x000000cd88e00000) (1024K)]
  0x000002b47ec08fb0 JavaThread "Attach Listener"            daemon [_thread_blocked, id=13220, stack(0x000000cd88e00000,0x000000cd88f00000) (1024K)]
  0x000002b47ec09a00 JavaThread "Service Thread"             daemon [_thread_blocked, id=14012, stack(0x000000cd88f00000,0x000000cd89000000) (1024K)]
  0x000002b47ec0a450 JavaThread "Monitor Deflation Thread"   daemon [_thread_blocked, id=8512, stack(0x000000cd89000000,0x000000cd89100000) (1024K)]
  0x000002b47ec0ec80 JavaThread "C2 CompilerThread0"         daemon [_thread_blocked, id=2708, stack(0x000000cd89100000,0x000000cd89200000) (1024K)]
  0x000002b47ec0f320 JavaThread "C1 CompilerThread0"         daemon [_thread_blocked, id=8840, stack(0x000000cd89200000,0x000000cd89300000) (1024K)]
  0x000002b47ee8aae0 JavaThread "Common-Cleaner"             daemon [_thread_blocked, id=5248, stack(0x000000cd89300000,0x000000cd89400000) (1024K)]
  0x000002b47ee92340 JavaThread "Notification Thread"        daemon [_thread_blocked, id=8588, stack(0x000000cd89400000,0x000000cd89500000) (1024K)]
  0x000002b47f30fd20 JavaThread "RMI TCP Accept-42531"       daemon [_thread_in_native, id=11984, stack(0x000000cd89800000,0x000000cd89900000) (1024K)]
  0x000002b47f00acf0 JavaThread "RMI TCP Accept-0"           daemon [_thread_in_native, id=6816, stack(0x000000cd89900000,0x000000cd89a00000) (1024K)]
  0x000002b47f37d710 JavaThread "RMI Reaper"                        [_thread_blocked, id=15016, stack(0x000000cd89a00000,0x000000cd89b00000) (1024K)]
  0x000002b47f37dd70 JavaThread "RMI GC Daemon"              daemon [_thread_blocked, id=12256, stack(0x000000cd89b00000,0x000000cd89c00000) (1024K)]
  0x000002b47f30c0b0 JavaThread "RMI TCP Connection(1)-127.0.0.1" daemon [_thread_in_native, id=6432, stack(0x000000cd89d00000,0x000000cd89e00000) (1024K)]
  0x000002b47f2ba570 JavaThread "RMI Scheduler(0)"           daemon [_thread_blocked, id=13644, stack(0x000000cd89e00000,0x000000cd89f00000) (1024K)]
  0x000002b47f2c3a40 JavaThread "RMI RenewClean-[127.0.0.1:60577]" daemon [_thread_blocked, id=9076, stack(0x000000cd8a100000,0x000000cd8a200000) (1024K)]
  0x000002b47f2c4760 JavaThread "RMI TCP Connection(11)-127.0.0.1" daemon [_thread_in_native, id=13372, stack(0x000000cd88000000,0x000000cd88100000) (1024K)]
Total: 19

Other Threads:
=>0x000002b47ebe5b90 VMThread "VM Thread"                           [id=15164, stack(0x000000cd88a00000,0x000000cd88b00000) (1024K)]
  0x000002b47ebd66e0 WatcherThread "VM Periodic Task Thread"        [id=1844, stack(0x000000cd88900000,0x000000cd88a00000) (1024K)]
  0x000002b475ffa4f0 WorkerThread "GC Thread#0"                     [id=12420, stack(0x000000cd88400000,0x000000cd88500000) (1024K)]
  0x000002b47f2e8600 WorkerThread "GC Thread#1"                     [id=11800, stack(0x000000cd89500000,0x000000cd89600000) (1024K)]
  0x000002b47f2e89a0 WorkerThread "GC Thread#2"                     [id=1724, stack(0x000000cd89600000,0x000000cd89700000) (1024K)]
  0x000002b47f376990 WorkerThread "GC Thread#3"                     [id=9860, stack(0x000000cd89700000,0x000000cd89800000) (1024K)]
  0x000002b47600bd30 ConcurrentGCThread "G1 Main Marker"            [id=4712, stack(0x000000cd88500000,0x000000cd88600000) (1024K)]
  0x000002b47600c740 WorkerThread "G1 Conc#0"                       [id=1300, stack(0x000000cd88600000,0x000000cd88700000) (1024K)]
  0x000002b47606eb00 ConcurrentGCThread "G1 Refine#0"               [id=60, stack(0x000000cd88700000,0x000000cd88800000) (1024K)]
  0x000002b47ea99750 ConcurrentGCThread "G1 Service"                [id=10772, stack(0x000000cd88800000,0x000000cd88900000) (1024K)]
Total: 10

Threads with active compile tasks:
Total: 0

VM state: at safepoint (normal execution)

VM Mutex/Monitor currently owned by a thread:  ([mutex/lock_event])
[0x00007ff94cb6ea30] Threads_lock - owner thread: 0x000002b47ebe5b90
[0x00007ff94cb6eb30] Heap_lock - owner thread: 0x000002b47f37dd70

Heap address: 0x0000000080000000, size: 2048 MB, Compressed Oops mode: 32-bit

CDS archive(s) mapped at: [0x000002b40f000000-0x000002b40fd00000-0x000002b40fd00000), size 13631488, SharedBaseAddress: 0x000002b40f000000, ArchiveRelocationMode: 1.
Compressed class space mapped at: 0x000002b410000000-0x000002b450000000, reserved size: 1073741824
Narrow klass base: 0x000002b40f000000, Narrow klass shift: 0, Narrow klass range: 0x100000000

GC Precious Log:
 CardTable entry size: 512
 Card Set container configuration: InlinePtr #cards 5 size 8 Array Of Cards #cards 12 size 40 Howl #buckets 4 coarsen threshold 1843 Howl Bitmap #cards 512 size 80 coarsen threshold 460 Card regions per heap region 1 cards per card region 2048
 CPUs: 4 total, 4 available
 Memory: 3838M
 Large Page Support: Disabled
 NUMA Support: Disabled
 Compressed Oops: Enabled (32-bit)
 Heap Region Size: 1M
 Heap Min Capacity: 128M
 Heap Initial Capacity: 128M
 Heap Max Capacity: 2G
 Pre-touch: Disabled
 Parallel Workers: 4
 Concurrent Workers: 1
 Concurrent Refinement Workers: 4
 Periodic GC: Disabled

Heap:
 garbage-first heap   total 131072K, used 21062K [0x0000000080000000, 0x0000000100000000)
  region size 1024K, 12 young (12288K), 0 survivors (0K)
 Metaspace       used 10503K, committed 11008K, reserved 1114112K
  class space    used 1174K, committed 1408K, reserved 1048576K

Heap Regions: E=young(eden), S=young(survivor), O=old, HS=humongous(starts), HC=humongous(continues), CS=collection set, F=free, TAMS=top-at-mark-start, PB=parsable bottom
|   0|0x0000000080000000, 0x0000000080100000, 0x0000000080100000|100%|HS|  |TAMS 0x0000000080000000| PB 0x0000000080000000| Untracked 
|   1|0x0000000080100000, 0x0000000080200000, 0x0000000080200000|100%|HC|  |TAMS 0x0000000080100000| PB 0x0000000080100000| Untracked 
|   2|0x0000000080200000, 0x0000000080300000, 0x0000000080300000|100%|HS|  |TAMS 0x0000000080200000| PB 0x0000000080200000| Untracked 
|   3|0x0000000080300000, 0x0000000080400000, 0x0000000080400000|100%|HS|  |TAMS 0x0000000080300000| PB 0x0000000080300000| Untracked 
|   4|0x0000000080400000, 0x0000000080500000, 0x0000000080500000|100%| O|  |TAMS 0x0000000080400000| PB 0x0000000080400000| Untracked 
|   5|0x0000000080500000, 0x00000000805fe9c0, 0x0000000080600000| 99%| O|  |TAMS 0x0000000080500000| PB 0x0000000080500000| Untracked 
|   6|0x0000000080600000, 0x0000000080700000, 0x0000000080700000|100%| O|  |TAMS 0x0000000080600000| PB 0x0000000080600000| Untracked 
|   7|0x0000000080700000, 0x00000000807ff9f8, 0x0000000080800000| 99%| O|  |TAMS 0x0000000080700000| PB 0x0000000080700000| Untracked 
|   8|0x0000000080800000, 0x00000000808e4288, 0x0000000080900000| 89%| O|  |TAMS 0x0000000080800000| PB 0x0000000080800000| Untracked 
|   9|0x0000000080900000, 0x0000000080908f30, 0x0000000080a00000|  3%| O|  |TAMS 0x0000000080900000| PB 0x0000000080900000| Untracked 
|  10|0x0000000080a00000, 0x0000000080aa63e0, 0x0000000080b00000| 64%| O|  |TAMS 0x0000000080a00000| PB 0x0000000080a00000| Untracked 
|  11|0x0000000080b00000, 0x0000000080b00000, 0x0000000080c00000|  0%| F|  |TAMS 0x0000000080b00000| PB 0x0000000080b00000| Untracked 
|  12|0x0000000080c00000, 0x0000000080c00000, 0x0000000080d00000|  0%| F|  |TAMS 0x0000000080c00000| PB 0x0000000080c00000| Untracked 
|  13|0x0000000080d00000, 0x0000000080d00000, 0x0000000080e00000|  0%| F|  |TAMS 0x0000000080d00000| PB 0x0000000080d00000| Untracked 
|  14|0x0000000080e00000, 0x0000000080e00000, 0x0000000080f00000|  0%| F|  |TAMS 0x0000000080e00000| PB 0x0000000080e00000| Untracked 
|  15|0x0000000080f00000, 0x0000000080f00000, 0x0000000081000000|  0%| F|  |TAMS 0x0000000080f00000| PB 0x0000000080f00000| Untracked 
|  16|0x0000000081000000, 0x0000000081000000, 0x0000000081100000|  0%| F|  |TAMS 0x0000000081000000| PB 0x0000000081000000| Untracked 
|  17|0x0000000081100000, 0x0000000081100000, 0x0000000081200000|  0%| F|  |TAMS 0x0000000081100000| PB 0x0000000081100000| Untracked 
|  18|0x0000000081200000, 0x0000000081200000, 0x0000000081300000|  0%| F|  |TAMS 0x0000000081200000| PB 0x0000000081200000| Untracked 
|  19|0x0000000081300000, 0x0000000081300000, 0x0000000081400000|  0%| F|  |TAMS 0x0000000081300000| PB 0x0000000081300000| Untracked 
|  20|0x0000000081400000, 0x0000000081400000, 0x0000000081500000|  0%| F|  |TAMS 0x0000000081400000| PB 0x0000000081400000| Untracked 
|  21|0x0000000081500000, 0x0000000081500000, 0x0000000081600000|  0%| F|  |TAMS 0x0000000081500000| PB 0x0000000081500000| Untracked 
|  22|0x0000000081600000, 0x0000000081600000, 0x0000000081700000|  0%| F|  |TAMS 0x0000000081600000| PB 0x0000000081600000| Untracked 
|  23|0x0000000081700000, 0x0000000081700000, 0x0000000081800000|  0%| F|  |TAMS 0x0000000081700000| PB 0x0000000081700000| Untracked 
|  24|0x0000000081800000, 0x0000000081800000, 0x0000000081900000|  0%| F|  |TAMS 0x0000000081800000| PB 0x0000000081800000| Untracked 
|  25|0x0000000081900000, 0x0000000081900000, 0x0000000081a00000|  0%| F|  |TAMS 0x0000000081900000| PB 0x0000000081900000| Untracked 
|  26|0x0000000081a00000, 0x0000000081a00000, 0x0000000081b00000|  0%| F|  |TAMS 0x0000000081a00000| PB 0x0000000081a00000| Untracked 
|  27|0x0000000081b00000, 0x0000000081b00000, 0x0000000081c00000|  0%| F|  |TAMS 0x0000000081b00000| PB 0x0000000081b00000| Untracked 
|  28|0x0000000081c00000, 0x0000000081c00000, 0x0000000081d00000|  0%| F|  |TAMS 0x0000000081c00000| PB 0x0000000081c00000| Untracked 
|  29|0x0000000081d00000, 0x0000000081d00000, 0x0000000081e00000|  0%| F|  |TAMS 0x0000000081d00000| PB 0x0000000081d00000| Untracked 
|  30|0x0000000081e00000, 0x0000000081e00000, 0x0000000081f00000|  0%| F|  |TAMS 0x0000000081e00000| PB 0x0000000081e00000| Untracked 
|  31|0x0000000081f00000, 0x0000000081f00000, 0x0000000082000000|  0%| F|  |TAMS 0x0000000081f00000| PB 0x0000000081f00000| Untracked 
|  32|0x0000000082000000, 0x0000000082000000, 0x0000000082100000|  0%| F|  |TAMS 0x0000000082000000| PB 0x0000000082000000| Untracked 
|  33|0x0000000082100000, 0x0000000082100000, 0x0000000082200000|  0%| F|  |TAMS 0x0000000082100000| PB 0x0000000082100000| Untracked 
|  34|0x0000000082200000, 0x0000000082200000, 0x0000000082300000|  0%| F|  |TAMS 0x0000000082200000| PB 0x0000000082200000| Untracked 
|  35|0x0000000082300000, 0x0000000082300000, 0x0000000082400000|  0%| F|  |TAMS 0x0000000082300000| PB 0x0000000082300000| Untracked 
|  36|0x0000000082400000, 0x0000000082400000, 0x0000000082500000|  0%| F|  |TAMS 0x0000000082400000| PB 0x0000000082400000| Untracked 
|  37|0x0000000082500000, 0x0000000082500000, 0x0000000082600000|  0%| F|  |TAMS 0x0000000082500000| PB 0x0000000082500000| Untracked 
|  38|0x0000000082600000, 0x0000000082600000, 0x0000000082700000|  0%| F|  |TAMS 0x0000000082600000| PB 0x0000000082600000| Untracked 
|  39|0x0000000082700000, 0x0000000082700000, 0x0000000082800000|  0%| F|  |TAMS 0x0000000082700000| PB 0x0000000082700000| Untracked 
|  40|0x0000000082800000, 0x0000000082800000, 0x0000000082900000|  0%| F|  |TAMS 0x0000000082800000| PB 0x0000000082800000| Untracked 
|  41|0x0000000082900000, 0x0000000082900000, 0x0000000082a00000|  0%| F|  |TAMS 0x0000000082900000| PB 0x0000000082900000| Untracked 
|  42|0x0000000082a00000, 0x0000000082a00000, 0x0000000082b00000|  0%| F|  |TAMS 0x0000000082a00000| PB 0x0000000082a00000| Untracked 
|  43|0x0000000082b00000, 0x0000000082b00000, 0x0000000082c00000|  0%| F|  |TAMS 0x0000000082b00000| PB 0x0000000082b00000| Untracked 
|  44|0x0000000082c00000, 0x0000000082c00000, 0x0000000082d00000|  0%| F|  |TAMS 0x0000000082c00000| PB 0x0000000082c00000| Untracked 
|  45|0x0000000082d00000, 0x0000000082d00000, 0x0000000082e00000|  0%| F|  |TAMS 0x0000000082d00000| PB 0x0000000082d00000| Untracked 
|  46|0x0000000082e00000, 0x0000000082e00000, 0x0000000082f00000|  0%| F|  |TAMS 0x0000000082e00000| PB 0x0000000082e00000| Untracked 
|  47|0x0000000082f00000, 0x0000000082f00000, 0x0000000083000000|  0%| F|  |TAMS 0x0000000082f00000| PB 0x0000000082f00000| Untracked 
|  48|0x0000000083000000, 0x0000000083000000, 0x0000000083100000|  0%| F|  |TAMS 0x0000000083000000| PB 0x0000000083000000| Untracked 
|  49|0x0000000083100000, 0x0000000083100000, 0x0000000083200000|  0%| F|  |TAMS 0x0000000083100000| PB 0x0000000083100000| Untracked 
|  50|0x0000000083200000, 0x0000000083200000, 0x0000000083300000|  0%| F|  |TAMS 0x0000000083200000| PB 0x0000000083200000| Untracked 
|  51|0x0000000083300000, 0x0000000083300000, 0x0000000083400000|  0%| F|  |TAMS 0x0000000083300000| PB 0x0000000083300000| Untracked 
|  52|0x0000000083400000, 0x0000000083400000, 0x0000000083500000|  0%| F|  |TAMS 0x0000000083400000| PB 0x0000000083400000| Untracked 
|  53|0x0000000083500000, 0x0000000083500000, 0x0000000083600000|  0%| F|  |TAMS 0x0000000083500000| PB 0x0000000083500000| Untracked 
|  54|0x0000000083600000, 0x0000000083600000, 0x0000000083700000|  0%| F|  |TAMS 0x0000000083600000| PB 0x0000000083600000| Untracked 
|  55|0x0000000083700000, 0x0000000083700000, 0x0000000083800000|  0%| F|  |TAMS 0x0000000083700000| PB 0x0000000083700000| Untracked 
|  56|0x0000000083800000, 0x0000000083800000, 0x0000000083900000|  0%| F|  |TAMS 0x0000000083800000| PB 0x0000000083800000| Untracked 
|  57|0x0000000083900000, 0x0000000083900000, 0x0000000083a00000|  0%| F|  |TAMS 0x0000000083900000| PB 0x0000000083900000| Untracked 
|  58|0x0000000083a00000, 0x0000000083a00000, 0x0000000083b00000|  0%| F|  |TAMS 0x0000000083a00000| PB 0x0000000083a00000| Untracked 
|  59|0x0000000083b00000, 0x0000000083b00000, 0x0000000083c00000|  0%| F|  |TAMS 0x0000000083b00000| PB 0x0000000083b00000| Untracked 
|  60|0x0000000083c00000, 0x0000000083c00000, 0x0000000083d00000|  0%| F|  |TAMS 0x0000000083c00000| PB 0x0000000083c00000| Untracked 
|  61|0x0000000083d00000, 0x0000000083d00000, 0x0000000083e00000|  0%| F|  |TAMS 0x0000000083d00000| PB 0x0000000083d00000| Untracked 
|  62|0x0000000083e00000, 0x0000000083e00000, 0x0000000083f00000|  0%| F|  |TAMS 0x0000000083e00000| PB 0x0000000083e00000| Untracked 
|  63|0x0000000083f00000, 0x0000000083f00000, 0x0000000084000000|  0%| F|  |TAMS 0x0000000083f00000| PB 0x0000000083f00000| Untracked 
|  64|0x0000000084000000, 0x0000000084000000, 0x0000000084100000|  0%| F|  |TAMS 0x0000000084000000| PB 0x0000000084000000| Untracked 
|  65|0x0000000084100000, 0x0000000084100000, 0x0000000084200000|  0%| F|  |TAMS 0x0000000084100000| PB 0x0000000084100000| Untracked 
|  66|0x0000000084200000, 0x0000000084200000, 0x0000000084300000|  0%| F|  |TAMS 0x0000000084200000| PB 0x0000000084200000| Untracked 
|  67|0x0000000084300000, 0x0000000084300000, 0x0000000084400000|  0%| F|  |TAMS 0x0000000084300000| PB 0x0000000084300000| Untracked 
|  68|0x0000000084400000, 0x0000000084400000, 0x0000000084500000|  0%| F|  |TAMS 0x0000000084400000| PB 0x0000000084400000| Untracked 
|  69|0x0000000084500000, 0x0000000084500000, 0x0000000084600000|  0%| F|  |TAMS 0x0000000084500000| PB 0x0000000084500000| Untracked 
|  70|0x0000000084600000, 0x0000000084600000, 0x0000000084700000|  0%| F|  |TAMS 0x0000000084600000| PB 0x0000000084600000| Untracked 
|  71|0x0000000084700000, 0x0000000084700000, 0x0000000084800000|  0%| F|  |TAMS 0x0000000084700000| PB 0x0000000084700000| Untracked 
|  72|0x0000000084800000, 0x0000000084800000, 0x0000000084900000|  0%| F|  |TAMS 0x0000000084800000| PB 0x0000000084800000| Untracked 
|  73|0x0000000084900000, 0x0000000084900000, 0x0000000084a00000|  0%| F|  |TAMS 0x0000000084900000| PB 0x0000000084900000| Untracked 
|  74|0x0000000084a00000, 0x0000000084a00000, 0x0000000084b00000|  0%| F|  |TAMS 0x0000000084a00000| PB 0x0000000084a00000| Untracked 
|  75|0x0000000084b00000, 0x0000000084b00000, 0x0000000084c00000|  0%| F|  |TAMS 0x0000000084b00000| PB 0x0000000084b00000| Untracked 
|  76|0x0000000084c00000, 0x0000000084c00000, 0x0000000084d00000|  0%| F|  |TAMS 0x0000000084c00000| PB 0x0000000084c00000| Untracked 
|  77|0x0000000084d00000, 0x0000000084d00000, 0x0000000084e00000|  0%| F|  |TAMS 0x0000000084d00000| PB 0x0000000084d00000| Untracked 
|  78|0x0000000084e00000, 0x0000000084e00000, 0x0000000084f00000|  0%| F|  |TAMS 0x0000000084e00000| PB 0x0000000084e00000| Untracked 
|  79|0x0000000084f00000, 0x0000000084f00000, 0x0000000085000000|  0%| F|  |TAMS 0x0000000084f00000| PB 0x0000000084f00000| Untracked 
|  80|0x0000000085000000, 0x0000000085000000, 0x0000000085100000|  0%| F|  |TAMS 0x0000000085000000| PB 0x0000000085000000| Untracked 
|  81|0x0000000085100000, 0x0000000085100000, 0x0000000085200000|  0%| F|  |TAMS 0x0000000085100000| PB 0x0000000085100000| Untracked 
|  82|0x0000000085200000, 0x0000000085200000, 0x0000000085300000|  0%| F|  |TAMS 0x0000000085200000| PB 0x0000000085200000| Untracked 
|  83|0x0000000085300000, 0x0000000085300000, 0x0000000085400000|  0%| F|  |TAMS 0x0000000085300000| PB 0x0000000085300000| Untracked 
|  84|0x0000000085400000, 0x0000000085400000, 0x0000000085500000|  0%| F|  |TAMS 0x0000000085400000| PB 0x0000000085400000| Untracked 
|  85|0x0000000085500000, 0x0000000085500000, 0x0000000085600000|  0%| F|  |TAMS 0x0000000085500000| PB 0x0000000085500000| Untracked 
|  86|0x0000000085600000, 0x0000000085600000, 0x0000000085700000|  0%| F|  |TAMS 0x0000000085600000| PB 0x0000000085600000| Untracked 
|  87|0x0000000085700000, 0x0000000085700000, 0x0000000085800000|  0%| F|  |TAMS 0x0000000085700000| PB 0x0000000085700000| Untracked 
|  88|0x0000000085800000, 0x0000000085800000, 0x0000000085900000|  0%| F|  |TAMS 0x0000000085800000| PB 0x0000000085800000| Untracked 
|  89|0x0000000085900000, 0x0000000085900000, 0x0000000085a00000|  0%| F|  |TAMS 0x0000000085900000| PB 0x0000000085900000| Untracked 
|  90|0x0000000085a00000, 0x0000000085a00000, 0x0000000085b00000|  0%| F|  |TAMS 0x0000000085a00000| PB 0x0000000085a00000| Untracked 
|  91|0x0000000085b00000, 0x0000000085b00000, 0x0000000085c00000|  0%| F|  |TAMS 0x0000000085b00000| PB 0x0000000085b00000| Untracked 
|  92|0x0000000085c00000, 0x0000000085c00000, 0x0000000085d00000|  0%| F|  |TAMS 0x0000000085c00000| PB 0x0000000085c00000| Untracked 
|  93|0x0000000085d00000, 0x0000000085d00000, 0x0000000085e00000|  0%| F|  |TAMS 0x0000000085d00000| PB 0x0000000085d00000| Untracked 
|  94|0x0000000085e00000, 0x0000000085e00000, 0x0000000085f00000|  0%| F|  |TAMS 0x0000000085e00000| PB 0x0000000085e00000| Untracked 
|  95|0x0000000085f00000, 0x0000000085f00000, 0x0000000086000000|  0%| F|  |TAMS 0x0000000085f00000| PB 0x0000000085f00000| Untracked 
|  96|0x0000000086000000, 0x0000000086000000, 0x0000000086100000|  0%| F|  |TAMS 0x0000000086000000| PB 0x0000000086000000| Untracked 
|  97|0x0000000086100000, 0x0000000086100000, 0x0000000086200000|  0%| F|  |TAMS 0x0000000086100000| PB 0x0000000086100000| Untracked 
|  98|0x0000000086200000, 0x0000000086200000, 0x0000000086300000|  0%| F|  |TAMS 0x0000000086200000| PB 0x0000000086200000| Untracked 
|  99|0x0000000086300000, 0x0000000086300000, 0x0000000086400000|  0%| F|  |TAMS 0x0000000086300000| PB 0x0000000086300000| Untracked 
| 100|0x0000000086400000, 0x0000000086400000, 0x0000000086500000|  0%| F|  |TAMS 0x0000000086400000| PB 0x0000000086400000| Untracked 
| 101|0x0000000086500000, 0x0000000086500000, 0x0000000086600000|  0%| F|  |TAMS 0x0000000086500000| PB 0x0000000086500000| Untracked 
| 102|0x0000000086600000, 0x0000000086600000, 0x0000000086700000|  0%| F|  |TAMS 0x0000000086600000| PB 0x0000000086600000| Untracked 
| 103|0x0000000086700000, 0x0000000086700000, 0x0000000086800000|  0%| F|  |TAMS 0x0000000086700000| PB 0x0000000086700000| Untracked 
| 104|0x0000000086800000, 0x0000000086800000, 0x0000000086900000|  0%| F|  |TAMS 0x0000000086800000| PB 0x0000000086800000| Untracked 
| 105|0x0000000086900000, 0x0000000086900000, 0x0000000086a00000|  0%| F|  |TAMS 0x0000000086900000| PB 0x0000000086900000| Untracked 
| 106|0x0000000086a00000, 0x0000000086a00000, 0x0000000086b00000|  0%| F|  |TAMS 0x0000000086a00000| PB 0x0000000086a00000| Untracked 
| 107|0x0000000086b00000, 0x0000000086b00000, 0x0000000086c00000|  0%| F|  |TAMS 0x0000000086b00000| PB 0x0000000086b00000| Untracked 
| 108|0x0000000086c00000, 0x0000000086c00000, 0x0000000086d00000|  0%| F|  |TAMS 0x0000000086c00000| PB 0x0000000086c00000| Untracked 
| 109|0x0000000086d00000, 0x0000000086d00000, 0x0000000086e00000|  0%| F|  |TAMS 0x0000000086d00000| PB 0x0000000086d00000| Untracked 
| 110|0x0000000086e00000, 0x0000000086e00000, 0x0000000086f00000|  0%| F|  |TAMS 0x0000000086e00000| PB 0x0000000086e00000| Untracked 
| 111|0x0000000086f00000, 0x0000000086f00000, 0x0000000087000000|  0%| F|  |TAMS 0x0000000086f00000| PB 0x0000000086f00000| Untracked 
| 112|0x0000000087000000, 0x0000000087000000, 0x0000000087100000|  0%| F|  |TAMS 0x0000000087000000| PB 0x0000000087000000| Untracked 
| 113|0x0000000087100000, 0x0000000087100000, 0x0000000087200000|  0%| F|  |TAMS 0x0000000087100000| PB 0x0000000087100000| Untracked 
| 114|0x0000000087200000, 0x0000000087200000, 0x0000000087300000|  0%| F|  |TAMS 0x0000000087200000| PB 0x0000000087200000| Untracked 
| 115|0x0000000087300000, 0x0000000087300000, 0x0000000087400000|  0%| F|  |TAMS 0x0000000087300000| PB 0x0000000087300000| Untracked 
| 116|0x0000000087400000, 0x0000000087486f70, 0x0000000087500000| 52%| E|  |TAMS 0x0000000087400000| PB 0x0000000087400000| Complete 
| 117|0x0000000087500000, 0x0000000087600000, 0x0000000087600000|100%| E|CS|TAMS 0x0000000087500000| PB 0x0000000087500000| Complete 
| 118|0x0000000087600000, 0x0000000087700000, 0x0000000087700000|100%| E|CS|TAMS 0x0000000087600000| PB 0x0000000087600000| Complete 
| 119|0x0000000087700000, 0x0000000087800000, 0x0000000087800000|100%| E|CS|TAMS 0x0000000087700000| PB 0x0000000087700000| Complete 
| 120|0x0000000087800000, 0x0000000087900000, 0x0000000087900000|100%| E|CS|TAMS 0x0000000087800000| PB 0x0000000087800000| Complete 
| 121|0x0000000087900000, 0x0000000087a00000, 0x0000000087a00000|100%| E|CS|TAMS 0x0000000087900000| PB 0x0000000087900000| Complete 
| 122|0x0000000087a00000, 0x0000000087b00000, 0x0000000087b00000|100%| E|CS|TAMS 0x0000000087a00000| PB 0x0000000087a00000| Complete 
| 123|0x0000000087b00000, 0x0000000087c00000, 0x0000000087c00000|100%| E|CS|TAMS 0x0000000087b00000| PB 0x0000000087b00000| Complete 
| 124|0x0000000087c00000, 0x0000000087d00000, 0x0000000087d00000|100%| E|CS|TAMS 0x0000000087c00000| PB 0x0000000087c00000| Complete 
| 125|0x0000000087d00000, 0x0000000087e00000, 0x0000000087e00000|100%| E|CS|TAMS 0x0000000087d00000| PB 0x0000000087d00000| Complete 
| 126|0x0000000087e00000, 0x0000000087f00000, 0x0000000087f00000|100%| E|CS|TAMS 0x0000000087e00000| PB 0x0000000087e00000| Complete 
| 127|0x0000000087f00000, 0x0000000088000000, 0x0000000088000000|100%| E|CS|TAMS 0x0000000087f00000| PB 0x0000000087f00000| Complete 

Card table byte_map: [0x000002b47a340000,0x000002b47a740000] _byte_map_base: 0x000002b479f40000

Marking Bits: (CMBitMap*) 0x000002b475ffab00
 Bits: [0x000002b47a740000, 0x000002b47c740000)

Polling page: 0x000002b473c80000

Metaspace:

Usage:
  Non-class:      9.11 MB used.
      Class:      1.15 MB used.
       Both:     10.26 MB used.

Virtual space:
  Non-class space:       64.00 MB reserved,       9.38 MB ( 15%) committed,  1 nodes.
      Class space:        1.00 GB reserved,       1.38 MB ( <1%) committed,  1 nodes.
             Both:        1.06 GB reserved,      10.75 MB ( <1%) committed. 

Chunk freelists:
   Non-Class:  6.44 MB
       Class:  14.49 MB
        Both:  20.93 MB

MaxMetaspaceSize: unlimited
CompressedClassSpaceSize: 1.00 GB
Initial GC threshold: 21.00 MB
Current GC threshold: 21.00 MB
CDS: on
 - commit_granule_bytes: 65536.
 - commit_granule_words: 8192.
 - virtual_space_node_default_size: 8388608.
 - enlarge_chunks_in_place: 1.
 - use_allocation_guard: 0.


Internal statistics:

num_allocs_failed_limit: 0.
num_arena_births: 554.
num_arena_deaths: 34.
num_vsnodes_births: 2.
num_vsnodes_deaths: 0.
num_space_committed: 172.
num_space_uncommitted: 0.
num_chunks_returned_to_freelist: 51.
num_chunks_taken_from_freelist: 919.
num_chunk_merges: 3.
num_chunk_splits: 548.
num_chunks_enlarged: 219.
num_inconsistent_stats: 0.

CodeHeap 'non-profiled nmethods': size=120000Kb used=1151Kb max_used=1151Kb free=118848Kb
 bounds [0x000002b407ad0000, 0x000002b407d40000, 0x000002b40f000000]
CodeHeap 'profiled nmethods': size=120000Kb used=4908Kb max_used=4908Kb free=115091Kb
 bounds [0x000002b400000000, 0x000002b4004d0000, 0x000002b407530000]
CodeHeap 'non-nmethods': size=5760Kb used=1568Kb max_used=1620Kb free=4191Kb
 bounds [0x000002b407530000, 0x000002b4077a0000, 0x000002b407ad0000]
 total_blobs=2984 nmethods=2474 adapters=414
 compilation: enabled
              stopped_count=0, restarted_count=0
 full_count=0

Compilation events (20 events):
Event: 6902.092 Thread 0x000002b47ec0f320 2465       3       java.util.HashSet::remove (20 bytes)
Event: 6902.103 Thread 0x000002b47ec0f320 nmethod 2465 0x000002b4004cad10 code [0x000002b4004caec0, 0x000002b4004cb0e8]
Event: 6902.180 Thread 0x000002b47ec0ec80 2466   !   4       java.io.ObjectInputStream$BlockDataInputStream::refill (136 bytes)
Event: 6902.298 Thread 0x000002b47ec0ec80 nmethod 2466 0x000002b407be5c90 code [0x000002b407be6080, 0x000002b407be7ea0]
Event: 6942.733 Thread 0x000002b47ec0ec80 2467       4       java.io.ObjectOutputStream$HandleTable::<init> (45 bytes)
Event: 6942.802 Thread 0x000002b47ec0ec80 nmethod 2467 0x000002b407be9590 code [0x000002b407be9760, 0x000002b407bea088]
Event: 6960.740 Thread 0x000002b47ec0ec80 2468       4       java.rmi.server.UID::equals (54 bytes)
Event: 6960.745 Thread 0x000002b47ec0ec80 nmethod 2468 0x000002b407bea310 code [0x000002b407bea4a0, 0x000002b407bea5f0]
Event: 6963.364 Thread 0x000002b47ec0ec80 2469       4       java.lang.Thread::interrupted (7 bytes)
Event: 6963.377 Thread 0x000002b47ec0ec80 nmethod 2469 0x000002b407bea710 code [0x000002b407bea8a0, 0x000002b407bea958]
Event: 7005.765 Thread 0x000002b47ec0ec80 2470       4       java.lang.ThreadLocal$ThreadLocalMap::set (133 bytes)
Event: 7005.784 Thread 0x000002b47ec0ec80 nmethod 2470 0x000002b407beaa10 code [0x000002b407beabe0, 0x000002b407beb210]
Event: 7086.922 Thread 0x000002b47ec0ec80 2471   !   4       java.io.BufferedOutputStream::write (62 bytes)
Event: 7086.985 Thread 0x000002b47ec0ec80 nmethod 2471 0x000002b407beb490 code [0x000002b407beb680, 0x000002b407bebc28]
Event: 7086.986 Thread 0x000002b47ec0ec80 2472       4       java.io.BufferedOutputStream::implWrite (40 bytes)
Event: 7086.988 Thread 0x000002b47ec0ec80 nmethod 2472 0x000002b407bec110 code [0x000002b407bec2a0, 0x000002b407bec3f0]
Event: 7168.311 Thread 0x000002b47ec0ec80 2473       4       java.io.ObjectInputStream$HandleTable::markDependency (175 bytes)
Event: 7168.326 Thread 0x000002b47ec0ec80 nmethod 2473 0x000002b407bec590 code [0x000002b407bec720, 0x000002b407bec888]
Event: 7168.342 Thread 0x000002b47ec0ec80 2474   !   4       java.io.ObjectInputStream::readObject0 (681 bytes)
Event: 7168.469 Thread 0x000002b47ec0ec80 nmethod 2474 0x000002b407bec990 code [0x000002b407becd60, 0x000002b407bee9e8]

GC Heap History (7 events):
Event: 0.990 GC heap before
{Heap before GC invocations=0 (full 0):
 garbage-first heap   total 131072K, used 17408K [0x0000000080000000, 0x0000000100000000)
  region size 1024K, 13 young (13312K), 0 survivors (0K)
 Metaspace       used 4305K, committed 4544K, reserved 1114112K
  class space    used 543K, committed 640K, reserved 1048576K
}
Event: 0.999 GC heap after
{Heap after GC invocations=1 (full 0):
 garbage-first heap   total 131072K, used 7935K [0x0000000080000000, 0x0000000100000000)
  region size 1024K, 2 young (2048K), 2 survivors (2048K)
 Metaspace       used 4305K, committed 4544K, reserved 1114112K
  class space    used 543K, committed 640K, reserved 1048576K
}
Event: 2.783 GC heap before
{Heap before GC invocations=1 (full 0):
 garbage-first heap   total 131072K, used 23295K [0x0000000080000000, 0x0000000100000000)
  region size 1024K, 17 young (17408K), 2 survivors (2048K)
 Metaspace       used 9848K, committed 10240K, reserved 1114112K
  class space    used 1157K, committed 1344K, reserved 1048576K
}
Event: 2.790 GC heap after
{Heap after GC invocations=2 (full 0):
 garbage-first heap   total 131072K, used 10180K [0x0000000080000000, 0x0000000100000000)
  region size 1024K, 3 young (3072K), 3 survivors (3072K)
 Metaspace       used 9848K, committed 10240K, reserved 1114112K
  class space    used 1157K, committed 1344K, reserved 1048576K
}
Event: 3600.069 GC heap before
{Heap before GC invocations=2 (full 0):
 garbage-first heap   total 131072K, used 20420K [0x0000000080000000, 0x0000000100000000)
  region size 1024K, 14 young (14336K), 3 survivors (3072K)
 Metaspace       used 10499K, committed 10944K, reserved 1114112K
  class space    used 1183K, committed 1408K, reserved 1048576K
}
Event: 3600.287 GC heap after
{Heap after GC invocations=3 (full 1):
 garbage-first heap   total 131072K, used 9798K [0x0000000080000000, 0x0000000100000000)
  region size 1024K, 0 young (0K), 0 survivors (0K)
 Metaspace       used 10457K, committed 10944K, reserved 1114112K
  class space    used 1174K, committed 1408K, reserved 1048576K
}
Event: 7200.308 GC heap before
{Heap before GC invocations=3 (full 1):
 garbage-first heap   total 131072K, used 21062K [0x0000000080000000, 0x0000000100000000)
  region size 1024K, 12 young (12288K), 0 survivors (0K)
 Metaspace       used 10503K, committed 11008K, reserved 1114112K
  class space    used 1174K, committed 1408K, reserved 1048576K
}

Dll operation events (3 events):
Event: 0.023 Loaded shared library C:\Program Files\JetBrains\PhpStorm 2024.3.4\jbr\bin\java.dll
Event: 0.081 Loaded shared library C:\Program Files\JetBrains\PhpStorm 2024.3.4\jbr\bin\zip.dll
Event: 0.624 Loaded shared library C:\Program Files\JetBrains\PhpStorm 2024.3.4\jbr\bin\verify.dll

Deoptimization events (20 events):
Event: 600.382 Thread 0x000002b47f34fa10 Uncommon trap: trap_request=0xffffff6e fr.pc=0x000002b407b86e34 relative=0x00000000000006f4
Event: 600.383 Thread 0x000002b47f34fa10 Uncommon trap: reason=loop_limit_check action=maybe_recompile pc=0x000002b407b86e34 method=java.util.regex.Pattern$Start.match(Ljava/util/regex/Matcher;ILjava/lang/CharSequence;)Z @ 34 c2
Event: 600.383 Thread 0x000002b47f34fa10 DEOPT PACKING pc=0x000002b407b86e34 sp=0x000000cd89ffe4d0
Event: 600.383 Thread 0x000002b47f34fa10 DEOPT UNPACKING pc=0x000002b407587da2 sp=0x000000cd89ffe440 mode 2
Event: 5424.459 Thread 0x000002b47f2c5b10 Uncommon trap: trap_request=0xffffff45 fr.pc=0x000002b407ad9950 relative=0x0000000000000130
Event: 5424.460 Thread 0x000002b47f2c5b10 Uncommon trap: reason=unstable_if action=reinterpret pc=0x000002b407ad9950 method=java.lang.StringCoding.countPositives([BII)I @ 17 c2
Event: 5424.460 Thread 0x000002b47f2c5b10 DEOPT PACKING pc=0x000002b407ad9950 sp=0x000000cd880fdb90
Event: 5424.461 Thread 0x000002b47f2c5b10 DEOPT UNPACKING pc=0x000002b407587da2 sp=0x000000cd880fdb18 mode 2
Event: 5424.464 Thread 0x000002b47f2c5b10 Uncommon trap: trap_request=0xffffff76 fr.pc=0x000002b407b84a44 relative=0x0000000000000484
Event: 5424.464 Thread 0x000002b47f2c5b10 Uncommon trap: reason=predicate action=maybe_recompile pc=0x000002b407b84a44 method=java.io.ObjectOutputStream$BlockDataOutputStream.getUTFLength(Ljava/lang/String;)J @ 13 c2
Event: 5424.464 Thread 0x000002b47f2c5b10 DEOPT PACKING pc=0x000002b407b84a44 sp=0x000000cd880fda50
Event: 5424.465 Thread 0x000002b47f2c5b10 DEOPT UNPACKING pc=0x000002b407587da2 sp=0x000000cd880fd9e0 mode 2
Event: 5424.465 Thread 0x000002b47f2c5b10 Uncommon trap: trap_request=0xffffff45 fr.pc=0x000002b407ba5488 relative=0x00000000000005a8
Event: 5424.465 Thread 0x000002b47f2c5b10 Uncommon trap: reason=unstable_if action=reinterpret pc=0x000002b407ba5488 method=java.io.ObjectOutputStream$BlockDataOutputStream.writeUTF(Ljava/lang/String;J)V @ 29 c2
Event: 5424.465 Thread 0x000002b47f2c5b10 DEOPT PACKING pc=0x000002b407ba5488 sp=0x000000cd880fda60
Event: 5424.466 Thread 0x000002b47f2c5b10 DEOPT UNPACKING pc=0x000002b407587da2 sp=0x000000cd880fda10 mode 2
Event: 5462.188 Thread 0x000002b47f2c5b10 Uncommon trap: trap_request=0xffffff45 fr.pc=0x000002b407ba7d34 relative=0x0000000000000354
Event: 5462.188 Thread 0x000002b47f2c5b10 Uncommon trap: reason=unstable_if action=reinterpret pc=0x000002b407ba7d34 method=java.io.ObjectOutputStream$HandleTable.assign(Ljava/lang/Object;)I @ 24 c2
Event: 5462.188 Thread 0x000002b47f2c5b10 DEOPT PACKING pc=0x000002b407ba7d34 sp=0x000000cd880fdcf0
Event: 5462.188 Thread 0x000002b47f2c5b10 DEOPT UNPACKING pc=0x000002b407587da2 sp=0x000000cd880fdcb8 mode 2

Classes loaded (20 events):
Event: 2.002 Loading class sun/invoke/util/VerifyAccess$1
Event: 2.003 Loading class sun/invoke/util/VerifyAccess$1 done
Event: 2.007 Loading class java/util/regex/Pattern$Bound
Event: 2.007 Loading class java/util/regex/Pattern$Bound done
Event: 2.066 Loading class java/nio/charset/CharacterCodingException
Event: 2.066 Loading class java/nio/charset/CharacterCodingException done
Event: 2.319 Loading class sun/invoke/util/ValueConversions$1
Event: 2.319 Loading class sun/invoke/util/ValueConversions$1 done
Event: 2.320 Loading class java/lang/invoke/BoundMethodHandle$Species_LI
Event: 2.320 Loading class java/lang/invoke/BoundMethodHandle$Species_LI done
Event: 2.324 Loading class java/util/AbstractList$ListItr
Event: 2.324 Loading class java/util/AbstractList$ListItr done
Event: 2.655 Loading class java/util/function/UnaryOperator
Event: 2.655 Loading class java/util/function/UnaryOperator done
Event: 2.849 Loading class java/util/DualPivotQuicksort
Event: 2.850 Loading class java/util/DualPivotQuicksort done
Event: 3.597 Loading class java/util/Vector$1
Event: 3.598 Loading class java/util/Vector$1 done
Event: 16.687 Loading class java/util/ArrayList$ListItr
Event: 16.688 Loading class java/util/ArrayList$ListItr done

Classes unloaded (17 events):
Event: 3600.132 Thread 0x000002b47ebe5b90 Unloading class 0x000002b4100ac400 'jdk/internal/reflect/GeneratedSerializationConstructorAccessor15'
Event: 3600.133 Thread 0x000002b47ebe5b90 Unloading class 0x000002b4100abc00 'jdk/internal/reflect/GeneratedSerializationConstructorAccessor13'
Event: 3600.133 Thread 0x000002b47ebe5b90 Unloading class 0x000002b4100ab400 'jdk/internal/reflect/GeneratedSerializationConstructorAccessor11'
Event: 3600.133 Thread 0x000002b47ebe5b90 Unloading class 0x000002b4100aac00 'jdk/internal/reflect/GeneratedSerializationConstructorAccessor10'
Event: 3600.133 Thread 0x000002b47ebe5b90 Unloading class 0x000002b4100aa400 'java/lang/invoke/LambdaForm$MH+0x000002b4100aa400'
Event: 3600.133 Thread 0x000002b47ebe5b90 Unloading class 0x000002b4100a9800 'java/lang/invoke/LambdaForm$MH+0x000002b4100a9800'
Event: 3600.133 Thread 0x000002b47ebe5b90 Unloading class 0x000002b4100a9000 'java/lang/invoke/LambdaForm$MH+0x000002b4100a9000'
Event: 3600.133 Thread 0x000002b47ebe5b90 Unloading class 0x000002b4100a8c00 'java/lang/invoke/LambdaForm$DMH+0x000002b4100a8c00'
Event: 3600.133 Thread 0x000002b47ebe5b90 Unloading class 0x000002b4100a8400 'jdk/internal/reflect/GeneratedSerializationConstructorAccessor8'
Event: 3600.133 Thread 0x000002b47ebe5b90 Unloading class 0x000002b4100a7c00 'jdk/internal/reflect/GeneratedSerializationConstructorAccessor5'
Event: 3600.133 Thread 0x000002b47ebe5b90 Unloading class 0x000002b4100a6c00 'jdk/internal/reflect/GeneratedSerializationConstructorAccessor2'
Event: 3600.133 Thread 0x000002b47ebe5b90 Unloading class 0x000002b4100a6000 'java/lang/invoke/LambdaForm$MH+0x000002b4100a6000'
Event: 3600.133 Thread 0x000002b47ebe5b90 Unloading class 0x000002b4100a5800 'java/lang/invoke/LambdaForm$DMH+0x000002b4100a5800'
Event: 3600.133 Thread 0x000002b47ebe5b90 Unloading class 0x000002b4100a4c00 'java/lang/invoke/LambdaForm$MH+0x000002b4100a4c00'
Event: 3600.133 Thread 0x000002b47ebe5b90 Unloading class 0x000002b4100a3400 'java/lang/invoke/LambdaForm$MH+0x000002b4100a3400'
Event: 3600.134 Thread 0x000002b47ebe5b90 Unloading class 0x000002b4100a2400 'java/lang/invoke/LambdaForm$MH+0x000002b4100a2400'
Event: 3600.134 Thread 0x000002b47ebe5b90 Unloading class 0x000002b4100a1c00 'java/lang/invoke/LambdaForm$MH+0x000002b4100a1c00'

Classes redefined (0 events):
No events

Internal exceptions (20 events):
Event: 1.736 Thread 0x000002b47f34fa10 Exception <a 'java/lang/NoSuchMethodError'{0x0000000087be33d8}: 'java.lang.Object java.lang.invoke.Invokers$Holder.invokeExact_MT(java.lang.Object, java.lang.Object, java.lang.Object, java.lang.Object, java.lang.Object, java.lang.Object)'> (0x0000000087be33d8) 
thrown [s\src\hotspot\share\interpreter\linkResolver.cpp, line 784]
Event: 1.895 Thread 0x000002b47f34fa10 Exception <a 'sun/nio/fs/WindowsException'{0x00000000876ae258}> (0x00000000876ae258) 
thrown [s\src\hotspot\share\prims\jni.cpp, line 535]
Event: 1.898 Thread 0x000002b47f34fa10 Exception <a 'sun/nio/fs/WindowsException'{0x00000000876afdc8}> (0x00000000876afdc8) 
thrown [s\src\hotspot\share\prims\jni.cpp, line 535]
Event: 2.057 Thread 0x000002b47f34fa10 Exception <a 'java/lang/NoSuchMethodError'{0x00000000874158a8}: 'java.lang.Object java.lang.invoke.DirectMethodHandle$Holder.invokeInterface(java.lang.Object, java.lang.Object, java.lang.Object)'> (0x00000000874158a8) 
thrown [s\src\hotspot\share\interpreter\linkResolver.cpp, line 784]
Event: 2.059 Thread 0x000002b47f34fa10 Exception <a 'java/lang/NoSuchMethodError'{0x00000000874218a8}: 'void java.lang.invoke.DirectMethodHandle$Holder.invokeInterface(java.lang.Object, java.lang.Object, java.lang.Object, java.lang.Object)'> (0x00000000874218a8) 
thrown [s\src\hotspot\share\interpreter\linkResolver.cpp, line 784]
Event: 2.060 Thread 0x000002b47f34fa10 Exception <a 'java/lang/NoSuchMethodError'{0x00000000874259a8}: 'void java.lang.invoke.DirectMethodHandle$Holder.invokeSpecial(java.lang.Object, java.lang.Object, java.lang.Object, java.lang.Object, java.lang.Object)'> (0x00000000874259a8) 
thrown [s\src\hotspot\share\interpreter\linkResolver.cpp, line 784]
Event: 2.060 Thread 0x000002b47f34fa10 Exception <a 'java/lang/NoSuchMethodError'{0x0000000087433e20}: 'java.lang.Object java.lang.invoke.Invokers$Holder.invokeExact_MT(java.lang.Object, java.lang.Object, java.lang.Object, java.lang.Object, java.lang.Object)'> (0x0000000087433e20) 
thrown [s\src\hotspot\share\interpreter\linkResolver.cpp, line 784]
Event: 2.155 Thread 0x000002b47f34fa10 Exception <a 'java/lang/NoSuchMethodError'{0x000000008744ac80}: 'int java.lang.invoke.DirectMethodHandle$Holder.invokeInterface(java.lang.Object, java.lang.Object)'> (0x000000008744ac80) 
thrown [s\src\hotspot\share\interpreter\linkResolver.cpp, line 784]
Event: 2.318 Thread 0x000002b47f34fa10 Exception <a 'java/lang/NoSuchMethodError'{0x00000000873d5428}: 'int java.lang.invoke.DirectMethodHandle$Holder.invokeInterface(java.lang.Object, java.lang.Object, int)'> (0x00000000873d5428) 
thrown [s\src\hotspot\share\interpreter\linkResolver.cpp, line 784]
Event: 2.319 Thread 0x000002b47f34fa10 Exception <a 'java/lang/NoSuchMethodError'{0x00000000873d94d8}: 'int java.lang.invoke.DirectMethodHandle$Holder.invokeSpecial(java.lang.Object, java.lang.Object, java.lang.Object, int)'> (0x00000000873d94d8) 
thrown [s\src\hotspot\share\interpreter\linkResolver.cpp, line 784]
Event: 2.321 Thread 0x000002b47f34fa10 Exception <a 'java/lang/NoSuchMethodError'{0x00000000873eb9c0}: 'java.lang.Object java.lang.invoke.DirectMethodHandle$Holder.invokeStatic(java.lang.Object, java.lang.Object, java.lang.Object, java.lang.Object, int)'> (0x00000000873eb9c0) 
thrown [s\src\hotspot\share\interpreter\linkResolver.cpp, line 784]
Event: 2.649 Thread 0x000002b47f34fa10 Exception <a 'java/lang/NoSuchMethodError'{0x000000008706a318}: 'void java.lang.invoke.DirectMethodHandle$Holder.invokeInterface(java.lang.Object, java.lang.Object, int)'> (0x000000008706a318) 
thrown [s\src\hotspot\share\interpreter\linkResolver.cpp, line 784]
Event: 2.650 Thread 0x000002b47f34fa10 Exception <a 'java/lang/NoSuchMethodError'{0x000000008706e1a0}: 'void java.lang.invoke.DelegatingMethodHandle$Holder.reinvoke_L(java.lang.Object, java.lang.Object, int)'> (0x000000008706e1a0) 
thrown [s\src\hotspot\share\interpreter\linkResolver.cpp, line 784]
Event: 2.803 Thread 0x000002b47f34fa10 Exception <a 'java/lang/NoSuchMethodError'{0x0000000087f127d8}: 'java.lang.Object java.lang.invoke.DirectMethodHandle$Holder.invokeInterface(java.lang.Object, java.lang.Object, int)'> (0x0000000087f127d8) 
thrown [s\src\hotspot\share\interpreter\linkResolver.cpp, line 784]
Event: 2.804 Thread 0x000002b47f34fa10 Exception <a 'java/lang/NoSuchMethodError'{0x0000000087f36f38}: 'java.lang.Object java.lang.invoke.DirectMethodHandle$Holder.newInvokeSpecial(java.lang.Object, java.lang.Object, int)'> (0x0000000087f36f38) 
thrown [s\src\hotspot\share\interpreter\linkResolver.cpp, line 784]
Event: 2.843 Thread 0x000002b47f34fa10 Exception <a 'java/lang/NoSuchMethodError'{0x0000000087fc2288}: 'int java.lang.invoke.DirectMethodHandle$Holder.invokeInterface(java.lang.Object, java.lang.Object, int, int)'> (0x0000000087fc2288) 
thrown [s\src\hotspot\share\interpreter\linkResolver.cpp, line 784]
Event: 2.843 Thread 0x000002b47f34fa10 Exception <a 'java/lang/NoSuchMethodError'{0x0000000087fc9238}: 'int java.lang.invoke.DelegatingMethodHandle$Holder.reinvoke_L(java.lang.Object, java.lang.Object, int, int)'> (0x0000000087fc9238) 
thrown [s\src\hotspot\share\interpreter\linkResolver.cpp, line 784]
Event: 2.848 Thread 0x000002b47f34fa10 Exception <a 'java/lang/NoSuchMethodError'{0x0000000087fe0128}: static Lcom/intellij/database/remote/jdbc/RemoteResultSet$DataRetrievingOptions;.<clinit>()V> (0x0000000087fe0128) 
thrown [s\src\hotspot\share\prims\jni.cpp, line 1135]
Event: 2.853 Thread 0x000002b47f34fa10 Exception <a 'java/lang/NoSuchMethodError'{0x0000000087ff71c8}: static [Ljava/lang/Object;.<clinit>()V> (0x0000000087ff71c8) 
thrown [s\src\hotspot\share\prims\jni.cpp, line 1135]
Event: 3.596 Thread 0x000002b47f34fa10 Exception <a 'java/lang/NoSuchMethodError'{0x0000000087e18678}: 'void java.lang.invoke.DirectMethodHandle$Holder.invokeInterface(java.lang.Object, java.lang.Object)'> (0x0000000087e18678) 
thrown [s\src\hotspot\share\interpreter\linkResolver.cpp, line 784]

ZGC Phase Switch (0 events):
No events

VM Operations (20 events):
Event: 5101.885 Executing VM operation: Cleanup done
Event: 5424.837 Executing VM operation: Cleanup
Event: 5424.838 Executing VM operation: Cleanup done
Event: 5471.666 Executing VM operation: HandshakeAllThreads (HandshakeForDeflation)
Event: 5471.669 Executing VM operation: HandshakeAllThreads (HandshakeForDeflation) done
Event: 5471.669 Executing VM operation: RendezvousGCThreads
Event: 5471.669 Executing VM operation: RendezvousGCThreads done
Event: 5486.823 Executing VM operation: Cleanup
Event: 5486.824 Executing VM operation: Cleanup done
Event: 5531.758 Executing VM operation: HandshakeAllThreads (HandshakeForDeflation)
Event: 5531.760 Executing VM operation: HandshakeAllThreads (HandshakeForDeflation) done
Event: 5531.760 Executing VM operation: RendezvousGCThreads
Event: 5531.760 Executing VM operation: RendezvousGCThreads done
Event: 5651.844 Executing VM operation: HandshakeAllThreads (HandshakeForDeflation)
Event: 5651.846 Executing VM operation: HandshakeAllThreads (HandshakeForDeflation) done
Event: 5651.846 Executing VM operation: RendezvousGCThreads
Event: 5651.846 Executing VM operation: RendezvousGCThreads done
Event: 7096.257 Executing VM operation: Cleanup
Event: 7096.259 Executing VM operation: Cleanup done
Event: 7200.305 Executing VM operation: G1CollectFull (System.gc())

Memory protections (0 events):
No events

Nmethod flushes (0 events):
No events

Events (20 events):
Event: 4855.587 Thread 0x000002b47f00acf0 Thread added: 0x000002b47f2c61a0
Event: 4942.783 Thread 0x000002b47f2c4760 Thread exited: 0x000002b47f2c4760
Event: 5424.378 Thread 0x000002b47f00acf0 Thread added: 0x000002b47f2c5b10
Event: 5427.444 Thread 0x000002b47f2c5b10 Thread added: 0x000002b47f2c4760
Event: 5427.445 Thread 0x000002b47f2c5b10 Thread added: 0x000002b47f2c5480
Event: 5427.448 Thread 0x000002b47f2c5480 Thread exited: 0x000002b47f2c5480
Event: 5427.449 Thread 0x000002b47f2c4760 Thread exited: 0x000002b47f2c4760
Event: 5512.906 Thread 0x000002b47f2c61a0 Thread exited: 0x000002b47f2c61a0
Event: 5596.136 Thread 0x000002b47f2c5b10 Thread added: 0x000002b47f2c61a0
Event: 5596.149 Thread 0x000002b47f00acf0 Thread added: 0x000002b47f2c40d0
Event: 5596.156 Thread 0x000002b47f2c5b10 Thread added: 0x000002b47f2c2d20
Event: 5596.164 Thread 0x000002b47f2c5b10 Thread added: 0x000002b47f2c4760
Event: 5596.165 Thread 0x000002b47f2c5b10 Thread added: 0x000002b47f2c33b0
Event: 5596.293 Thread 0x000002b47f2c61a0 Thread exited: 0x000002b47f2c61a0
Event: 5596.386 Thread 0x000002b47f2c33b0 Thread exited: 0x000002b47f2c33b0
Event: 5596.415 Thread 0x000002b47f2c4760 Thread exited: 0x000002b47f2c4760
Event: 5596.417 Thread 0x000002b47f2c2d20 Thread exited: 0x000002b47f2c2d20
Event: 5677.922 Thread 0x000002b47f2c5b10 Thread exited: 0x000002b47f2c5b10
Event: 6348.070 Thread 0x000002b47f00acf0 Thread added: 0x000002b47f2c4760
Event: 6431.812 Thread 0x000002b47f2c40d0 Thread exited: 0x000002b47f2c40d0


Dynamic libraries:
0x00007ff69fb60000 - 0x00007ff69fb6a000 	C:\Program Files\JetBrains\PhpStorm 2024.3.4\jbr\bin\java.exe
0x00007ff9a5c70000 - 0x00007ff9a5e68000 	C:\Windows\SYSTEM32\ntdll.dll
0x00007ff9a4950000 - 0x00007ff9a4a12000 	C:\Windows\System32\KERNEL32.DLL
0x00007ff9a3360000 - 0x00007ff9a365f000 	C:\Windows\System32\KERNELBASE.dll
0x00007ff9a3a70000 - 0x00007ff9a3b70000 	C:\Windows\System32\ucrtbase.dll
0x00007ff9961c0000 - 0x00007ff9961db000 	C:\Program Files\JetBrains\PhpStorm 2024.3.4\jbr\bin\VCRUNTIME140.dll
0x00007ff97ec30000 - 0x00007ff97ec48000 	C:\Program Files\JetBrains\PhpStorm 2024.3.4\jbr\bin\jli.dll
0x00007ff9a5610000 - 0x00007ff9a57ad000 	C:\Windows\System32\USER32.dll
0x00007ff9a38c0000 - 0x00007ff9a38e2000 	C:\Windows\System32\win32u.dll
0x00007ff9a4bd0000 - 0x00007ff9a4bfb000 	C:\Windows\System32\GDI32.dll
0x00007ff9a3b70000 - 0x00007ff9a3c8a000 	C:\Windows\System32\gdi32full.dll
0x00007ff9a2760000 - 0x00007ff9a29fa000 	C:\Windows\WinSxS\amd64_microsoft.windows.common-controls_6595b64144ccf1df_6.0.19041.4355_none_60b8b9eb71f62e16\COMCTL32.dll
0x00007ff9a39d0000 - 0x00007ff9a3a6d000 	C:\Windows\System32\msvcp_win.dll
0x00007ff9a3ca0000 - 0x00007ff9a3d3e000 	C:\Windows\System32\msvcrt.dll
0x00007ff9a4c00000 - 0x00007ff9a4c2f000 	C:\Windows\System32\IMM32.DLL
0x00007ff99d4a0000 - 0x00007ff99d4ac000 	C:\Program Files\JetBrains\PhpStorm 2024.3.4\jbr\bin\vcruntime140_1.dll
0x00007ff95fe40000 - 0x00007ff95fecd000 	C:\Program Files\JetBrains\PhpStorm 2024.3.4\jbr\bin\msvcp140.dll
0x00007ff94bea0000 - 0x00007ff94cc61000 	C:\Program Files\JetBrains\PhpStorm 2024.3.4\jbr\bin\server\jvm.dll
0x00007ff9a52c0000 - 0x00007ff9a536f000 	C:\Windows\System32\ADVAPI32.dll
0x00007ff9a3e90000 - 0x00007ff9a3f2f000 	C:\Windows\System32\sechost.dll
0x00007ff9a4a20000 - 0x00007ff9a4b43000 	C:\Windows\System32\RPCRT4.dll
0x00007ff9a39a0000 - 0x00007ff9a39c7000 	C:\Windows\System32\bcrypt.dll
0x00007ff9a4c30000 - 0x00007ff9a4c9b000 	C:\Windows\System32\WS2_32.dll
0x00007ff9a3170000 - 0x00007ff9a31bb000 	C:\Windows\SYSTEM32\POWRPROF.dll
0x00007ff99f2a0000 - 0x00007ff99f2aa000 	C:\Windows\SYSTEM32\VERSION.dll
0x00007ff98e110000 - 0x00007ff98e137000 	C:\Windows\SYSTEM32\WINMM.dll
0x00007ff9a3150000 - 0x00007ff9a3162000 	C:\Windows\SYSTEM32\UMPDC.dll
0x00007ff9a1470000 - 0x00007ff9a1482000 	C:\Windows\SYSTEM32\kernel.appcore.dll
0x00007ff997050000 - 0x00007ff99705a000 	C:\Program Files\JetBrains\PhpStorm 2024.3.4\jbr\bin\jimage.dll
0x00007ff9a2c10000 - 0x00007ff9a2df4000 	C:\Windows\SYSTEM32\DBGHELP.DLL
0x00007ff9a2bd0000 - 0x00007ff9a2c04000 	C:\Windows\SYSTEM32\dbgcore.DLL
0x00007ff9a36d0000 - 0x00007ff9a3752000 	C:\Windows\System32\bcryptPrimitives.dll
0x00007ff996180000 - 0x00007ff9961a0000 	C:\Program Files\JetBrains\PhpStorm 2024.3.4\jbr\bin\java.dll
0x00007ff9a3f30000 - 0x00007ff9a469d000 	C:\Windows\System32\SHELL32.dll
0x00007ff9a0360000 - 0x00007ff9a0b04000 	C:\Windows\SYSTEM32\windows.storage.dll
0x00007ff9a58d0000 - 0x00007ff9a5c25000 	C:\Windows\System32\combase.dll
0x00007ff9a2520000 - 0x00007ff9a254b000 	C:\Windows\SYSTEM32\Wldp.dll
0x00007ff9a3dc0000 - 0x00007ff9a3e8d000 	C:\Windows\System32\OLEAUT32.dll
0x00007ff9a4700000 - 0x00007ff9a47ad000 	C:\Windows\System32\SHCORE.dll
0x00007ff9a46a0000 - 0x00007ff9a46f5000 	C:\Windows\System32\shlwapi.dll
0x00007ff9a3240000 - 0x00007ff9a3265000 	C:\Windows\SYSTEM32\profapi.dll
0x00007ff989a60000 - 0x00007ff989a78000 	C:\Program Files\JetBrains\PhpStorm 2024.3.4\jbr\bin\zip.dll
0x00007ff9961b0000 - 0x00007ff9961c0000 	C:\Program Files\JetBrains\PhpStorm 2024.3.4\jbr\bin\net.dll
0x00007ff9985d0000 - 0x00007ff9986da000 	C:\Windows\SYSTEM32\WINHTTP.dll
0x00007ff9a22b0000 - 0x00007ff9a231c000 	C:\Windows\system32\mswsock.dll
0x00007ff9852a0000 - 0x00007ff9852b6000 	C:\Program Files\JetBrains\PhpStorm 2024.3.4\jbr\bin\nio.dll
0x00007ff985290000 - 0x00007ff9852a0000 	C:\Program Files\JetBrains\PhpStorm 2024.3.4\jbr\bin\verify.dll
0x00007ff9a1fd0000 - 0x00007ff9a200b000 	C:\Windows\SYSTEM32\IPHLPAPI.DLL
0x00007ff9a3c90000 - 0x00007ff9a3c98000 	C:\Windows\System32\NSI.dll
0x00007ff9a2fb0000 - 0x00007ff9a2fc8000 	C:\Windows\SYSTEM32\CRYPTSP.dll
0x00007ff9a1c70000 - 0x00007ff9a1ca8000 	C:\Windows\system32\rsaenh.dll
0x00007ff9a31c0000 - 0x00007ff9a31ee000 	C:\Windows\SYSTEM32\USERENV.dll
0x00007ff9a2560000 - 0x00007ff9a256c000 	C:\Windows\SYSTEM32\CRYPTBASE.dll
0x00007ff985260000 - 0x00007ff985269000 	C:\Program Files\JetBrains\PhpStorm 2024.3.4\jbr\bin\extnet.dll
0x00007ff99f980000 - 0x00007ff99f987000 	C:\Program Files\JetBrains\PhpStorm 2024.3.4\jbr\bin\rmi.dll
0x00007ff972840000 - 0x00007ff972934000 	C:\Users\tiles\AppData\Local\JetBrains\PhpStorm2024.3\jdbc-native-deps\Xerial SQLiteJDBC\3.45.1\sqlite-jdbc-3.45.1.0\libs\sqlite-3.45.1.0-fd621af5-539b-4f7f-8fea-8779e1a4472e-sqlitejdbc.dll

dbghelp: loaded successfully - version: 4.0.5 - missing functions: none
symbol engine: initialized successfully - sym options: 0x614 - pdb path: .;C:\Program Files\JetBrains\PhpStorm 2024.3.4\jbr\bin;C:\Windows\SYSTEM32;C:\Windows\WinSxS\amd64_microsoft.windows.common-controls_6595b64144ccf1df_6.0.19041.4355_none_60b8b9eb71f62e16;C:\Program Files\JetBrains\PhpStorm 2024.3.4\jbr\bin\server;C:\Users\tiles\AppData\Local\JetBrains\PhpStorm2024.3\jdbc-native-deps\Xerial SQLiteJDBC\3.45.1\sqlite-jdbc-3.45.1.0\libs

VM Arguments:
jvm_args: -Dorg.sqlite.tmpdir=C:\Users\tiles\AppData\Local\JetBrains\PhpStorm2024.3\jdbc-native-deps\Xerial SQLiteJDBC\3.45.1\sqlite-jdbc-3.45.1.0\libs -Djava.rmi.server.hostname=127.0.0.1 -Duser.timezone=UTC -Xmx2048m -Xms128m -Djdbc.classpath=C:\Users\tiles\AppData\Local\Temp\RemoteDriver10.classpath.txt --add-exports=java.desktop/sun.awt=ALL-UNNAMED --add-exports=java.desktop/java.awt.peer=ALL-UNNAMED --add-opens=java.desktop/java.awt=ALL-UNNAMED --add-opens=jdk.unsupported/sun.misc=ALL-UNNAMED --add-opens=java.base/java.nio=ALL-UNNAMED --add-opens=java.base/java.util=ALL-UNNAMED -Dfile.encoding=UTF-8 -Dsun.stdout.encoding=UTF-8 -Dsun.stderr.encoding=UTF-8 
java_command: com.intellij.database.remote.RemoteJdbcServer org.sqlite.JDBC
java_class_path (initial): C:\Program Files\JetBrains\PhpStorm 2024.3.4\lib\util_rt.jar;C:\Program Files\JetBrains\PhpStorm 2024.3.4\lib\util-8.jar;C:\Program Files\JetBrains\PhpStorm 2024.3.4\lib\groovy.jar;C:\Program Files\JetBrains\PhpStorm 2024.3.4\plugins\DatabaseTools\lib\jdbc-console.jar;C:\Program Files\JetBrains\PhpStorm 2024.3.4\plugins\grid-core-impl\lib\jdbc-console-types.jar;C:\Program Files\JetBrains\PhpStorm 2024.3.4\lib\util.jar;C:\Program Files\JetBrains\PhpStorm 2024.3.4\lib\bouncy-castle.jar
Launcher Type: SUN_STANDARD

[Global flags]
     intx CICompilerCount                          = 3                                         {product} {ergonomic}
     uint ConcGCThreads                            = 1                                         {product} {ergonomic}
     uint G1ConcRefinementThreads                  = 4                                         {product} {ergonomic}
   size_t G1HeapRegionSize                         = 1048576                                   {product} {ergonomic}
    uintx GCDrainStackTargetSize                   = 64                                        {product} {ergonomic}
   size_t InitialHeapSize                          = 134217728                                 {product} {command line}
   size_t MarkStackSize                            = 4194304                                   {product} {ergonomic}
   size_t MaxHeapSize                              = 2147483648                                {product} {command line}
   size_t MaxNewSize                               = 1287651328                                {product} {ergonomic}
   size_t MinHeapDeltaBytes                        = 1048576                                   {product} {ergonomic}
   size_t MinHeapSize                              = 134217728                                 {product} {command line}
    uintx NonNMethodCodeHeapSize                   = 5832780                                {pd product} {ergonomic}
    uintx NonProfiledCodeHeapSize                  = 122912730                              {pd product} {ergonomic}
    uintx ProfiledCodeHeapSize                     = 122912730                              {pd product} {ergonomic}
    uintx ReservedCodeCacheSize                    = 251658240                              {pd product} {ergonomic}
     bool SegmentedCodeCache                       = true                                      {product} {ergonomic}
   size_t SoftMaxHeapSize                          = 2147483648                             {manageable} {ergonomic}
     bool UseCompressedOops                        = true                           {product lp64_product} {ergonomic}
     bool UseG1GC                                  = true                                      {product} {ergonomic}
     bool UseLargePagesIndividualAllocation        = false                                  {pd product} {ergonomic}

Logging:
Log output configuration:
 #0: stdout all=warning uptime,level,tags foldmultilines=false
 #1: stderr all=off uptime,level,tags foldmultilines=false

Environment Variables:
PATH=C:\Program Files\Common Files\Oracle\Java\javapath;C:\Program Files\Microsoft MPI\Bin\;C:\ProgramData\Oracle\Java\javapath;C:\Windows\system32;C:\Windows;C:\Windows\System32\Wbem;C:\Windows\System32\WindowsPowerShell\v1.0\;C:\Windows\System32\OpenSSH\;C:\Program Files\Azure Data Studio\bin;C:\Program Files\Git\cmd;C:\Program Files\nodejs\;C:\Users\tiles\AppData\Roaming\Microsoft\Windows\Start Menu\Programs\MongoDB Inc\mongosh-2.1.1-win32-x64\bin;C:\Program Files\Go\bin;C:\Users\tiles\Desktop\ngrok-v3-stable-windows-amd64;;C:\Program Files\Docker\Docker\resources\bin;C:\composer;C:\Users\tiles\AppData\Local\Microsoft\WindowsApps;C:\Program Files\Azure Data Studio\bin;C:\Program Files\JetBrains\PyCharm Community Edition 2022.3.2\bin;;C:\Users\tiles\AppData\Local\Programs\Microsoft VS Code\bin;C:\Users\tiles\AppData\Roaming\npm;C:\Program Files\heroku\bin;C:\Users\tiles\go\bin;C:\Program Files\Go\bin;C:\Maven\apache-maven-3.9.9\bin;C:\wamp64\bin\php\php8.4.0;C:\Users\tiles\AppData\Roaming\Composer\vendor\bin
USERNAME=tiles
OS=Windows_NT
PROCESSOR_IDENTIFIER=Intel64 Family 6 Model 126 Stepping 5, GenuineIntel
TMP=C:\Users\tiles\AppData\Local\Temp
TEMP=C:\Users\tiles\AppData\Local\Temp




Periodic native trim disabled

JNI global refs:
JNI global refs: 18, weak refs: 10

JNI global refs memory usage: 835, weak refs: 833

Process memory usage:
Resident Set Size: 8812K (0% of 3930488K total physical memory with 277264K free physical memory)

OOME stack traces (most recent first):
Classloader memory used:
Loader bootstrap                                                                       : 6450K
Loader jdk.internal.loader.ClassLoaders$AppClassLoader                                 : 2928K
Loader com.intellij.database.remote.jdbc.impl.JdbcClassLoader$JdbcClassLoaderImpl      : 772K
Loader jdk.internal.loader.ClassLoaders$PlatformClassLoader                            : 263K
Loader jdk.internal.reflect.DelegatingClassLoader                                      : 83520B
Loader com.intellij.database.remote.jdbc.impl.JdbcClassLoader$1                        : 6920B

---------------  S Y S T E M  ---------------

OS:
 Windows 10 , 64 bit Build 19041 (10.0.19041.5438)
OS uptime: 0 days 22:06 hours
Hyper-V role detected

CPU: total 4 (initial active 4) (2 cores per cpu, 2 threads per core) family 6 model 126 stepping 5 microcode 0x78, cx8, cmov, fxsr, ht, mmx, 3dnowpref, sse, sse2, sse3, ssse3, sse4.1, sse4.2, popcnt, lzcnt, tsc, tscinvbit, avx, avx2, aes, erms, clmul, bmi1, bmi2, adx, avx512f, avx512dq, avx512cd, avx512bw, avx512vl, sha, fma, vzeroupper, avx512_vpopcntdq, avx512_vpclmulqdq, avx512_vaes, avx512_vnni, clflush, clflushopt, avx512_vbmi2, avx512_vbmi, hv, rdtscp, rdpid, fsrm, gfni, avx512_bitalg, f16c, avx512_ifma
Processor Information for the first 4 processors :
  Max Mhz: 1190, Current Mhz: 1190, Mhz Limit: 1190

Memory: 4k page, system-wide physical 3838M (260M free)
TotalPageFile size 11838M (AvailPageFile size 5M)
current process WorkingSet (physical memory assigned to process): 16M, peak: 89M
current process commit charge ("private bytes"): 220M, peak: 249M

vm_info: OpenJDK 64-Bit Server VM (21.0.6+8-b631.39) for windows-amd64 JRE (21.0.6+8-b631.39), built on 2025-02-04 by "builduser" with MS VC++ 16.10 / 16.11 (VS2019)

END.
