#
# There is insufficient memory for the Java Runtime Environment to continue.
# Native memory allocation (malloc) failed to allocate 32744 bytes. Error detail: Chunk::new
# Possible reasons:
#   The system is out of physical RAM or swap space
#   This process is running with CompressedOops enabled, and the Java Heap may be blocking the growth of the native heap
# Possible solutions:
#   Reduce memory load on the system
#   Increase physical memory or swap space
#   Check if swap backing store is full
#   Decrease Java heap size (-Xmx/-Xms)
#   Decrease number of Java threads
#   Decrease Java thread stack sizes (-Xss)
#   Set larger code cache with -XX:ReservedCodeCacheSize=
#   JVM is running with Unscaled Compressed Oops mode in which the Java heap is
#     placed in the first 4GB address space. The Java Heap base address is the
#     maximum limit for the native heap growth. Please use -XX:HeapBaseMinAddress
#     to set the Java Heap base and to place the Java Heap above 4GB virtual address.
# This output file may be truncated or incomplete.
#
#  Out of Memory Error (arena.cpp:168), pid=6384, tid=13296
#
# JRE version: OpenJDK Runtime Environment JBR-21.0.6+8-631.39-jcef (21.0.6+8) (build 21.0.6+8-b631.39)
# Java VM: OpenJDK 64-Bit Server VM JBR-21.0.6+8-631.39-jcef (21.0.6+8-b631.39, mixed mode, tiered, compressed oops, compressed class ptrs, g1 gc, windows-amd64)
# No core dump will be written. Minidumps are not enabled by default on client versions of Windows
#

---------------  S U M M A R Y ------------

Command Line: -Dorg.sqlite.tmpdir=C:\Users\tiles\AppData\Local\JetBrains\PhpStorm2024.3\jdbc-native-deps\Xerial SQLiteJDBC\3.45.1\sqlite-jdbc-3.45.1.0\libs -Djava.rmi.server.hostname=127.0.0.1 -Duser.timezone=UTC -Xmx2048m -Xms128m -Djdbc.classpath=C:\Users\tiles\AppData\Local\Temp\RemoteDriver9.classpath.txt --add-exports=java.desktop/sun.awt=ALL-UNNAMED --add-exports=java.desktop/java.awt.peer=ALL-UNNAMED --add-opens=java.desktop/java.awt=ALL-UNNAMED --add-opens=jdk.unsupported/sun.misc=ALL-UNNAMED --add-opens=java.base/java.nio=ALL-UNNAMED --add-opens=java.base/java.util=ALL-UNNAMED -Dfile.encoding=UTF-8 -Dsun.stdout.encoding=UTF-8 -Dsun.stderr.encoding=UTF-8 com.intellij.database.remote.RemoteJdbcServer org.sqlite.JDBC

Host: Intel(R) Core(TM) i3-1005G1 CPU @ 1.20GHz, 4 cores, 3G,  Windows 10 , 64 bit Build 19041 (10.0.19041.5438)
Time: Mon Mar 17 22:05:39 2025 RTZ 4 (s 10 , 64 bit Build 19041 (10.0.19041.5438) elapsed time: 0.296044 seconds (0d 0h 0m 0s)

---------------  T H R E A D  ---------------

Current thread (0x000002834d299e10):  JavaThread "C2 CompilerThread0" daemon [_thread_in_native, id=13296, stack(0x000000bdad200000,0x000000bdad300000) (1024K)]


Current CompileTask:
C2:296  122       4       java.lang.StringCoding::countPositives (33 bytes)

Stack: [0x000000bdad200000,0x000000bdad300000]
Native frames: (J=compiled Java code, j=interpreted, Vv=VM code, C=native code)
V  [jvm.dll+0x6e5d39]
V  [jvm.dll+0x8c4133]
V  [jvm.dll+0x8c668e]
V  [jvm.dll+0x8c6d73]
V  [jvm.dll+0x288f76]
V  [jvm.dll+0xc66dd]
V  [jvm.dll+0xc6c13]
V  [jvm.dll+0xc6805]
V  [jvm.dll+0x6c182a]
V  [jvm.dll+0x8d62b]
V  [jvm.dll+0x6bebde]
V  [jvm.dll+0x6f660d]
V  [jvm.dll+0x24f91d]
V  [jvm.dll+0x1cd6c4]
V  [jvm.dll+0x25f60c]
V  [jvm.dll+0x25db56]
V  [jvm.dll+0x3ff756]
V  [jvm.dll+0x86bd48]
V  [jvm.dll+0x6e453d]
C  [ucrtbase.dll+0x21bb2]
C  [KERNEL32.DLL+0x17374]
C  [ntdll.dll+0x4cc91]


---------------  P R O C E S S  ---------------

Threads class SMR info:
_java_thread_list=0x000002834d464950, length=11, elements={
0x0000028333292c00, 0x000002834d28d840, 0x000002834d290560, 0x000002834d291fc0,
0x000002834d294a20, 0x000002834d295470, 0x000002834d295ec0, 0x000002834d299e10,
0x000002834d29a4b0, 0x000002834d4760c0, 0x000002834d479960
}

Java Threads: ( => current thread )
  0x0000028333292c00 JavaThread "main"                              [_thread_in_vm, id=10984, stack(0x000000bdac400000,0x000000bdac500000) (1024K)]
  0x000002834d28d840 JavaThread "Reference Handler"          daemon [_thread_blocked, id=2932, stack(0x000000bdacc00000,0x000000bdacd00000) (1024K)]
  0x000002834d290560 JavaThread "Finalizer"                  daemon [_thread_blocked, id=14056, stack(0x000000bdacd00000,0x000000bdace00000) (1024K)]
  0x000002834d291fc0 JavaThread "Signal Dispatcher"          daemon [_thread_blocked, id=14188, stack(0x000000bdace00000,0x000000bdacf00000) (1024K)]
  0x000002834d294a20 JavaThread "Attach Listener"            daemon [_thread_blocked, id=8276, stack(0x000000bdacf00000,0x000000bdad000000) (1024K)]
  0x000002834d295470 JavaThread "Service Thread"             daemon [_thread_blocked, id=14300, stack(0x000000bdad000000,0x000000bdad100000) (1024K)]
  0x000002834d295ec0 JavaThread "Monitor Deflation Thread"   daemon [_thread_blocked, id=11020, stack(0x000000bdad100000,0x000000bdad200000) (1024K)]
=>0x000002834d299e10 JavaThread "C2 CompilerThread0"         daemon [_thread_in_native, id=13296, stack(0x000000bdad200000,0x000000bdad300000) (1024K)]
  0x000002834d29a4b0 JavaThread "C1 CompilerThread0"         daemon [_thread_blocked, id=9252, stack(0x000000bdad300000,0x000000bdad400000) (1024K)]
  0x000002834d4760c0 JavaThread "Common-Cleaner"             daemon [_thread_blocked, id=11500, stack(0x000000bdad400000,0x000000bdad500000) (1024K)]
  0x000002834d479960 JavaThread "Notification Thread"        daemon [_thread_blocked, id=7532, stack(0x000000bdad500000,0x000000bdad600000) (1024K)]
Total: 11

Other Threads:
  0x000002834d10eae0 VMThread "VM Thread"                           [id=13380, stack(0x000000bdacb00000,0x000000bdacc00000) (1024K)]
  0x000002834d0777f0 WatcherThread "VM Periodic Task Thread"        [id=8388, stack(0x000000bdaca00000,0x000000bdacb00000) (1024K)]
  0x00000283354962d0 WorkerThread "GC Thread#0"                     [id=12712, stack(0x000000bdac500000,0x000000bdac600000) (1024K)]
  0x00000283354a8b20 ConcurrentGCThread "G1 Main Marker"            [id=11304, stack(0x000000bdac600000,0x000000bdac700000) (1024K)]
  0x00000283354a9530 WorkerThread "G1 Conc#0"                       [id=5100, stack(0x000000bdac700000,0x000000bdac800000) (1024K)]
  0x000002834cf374f0 ConcurrentGCThread "G1 Refine#0"               [id=8632, stack(0x000000bdac800000,0x000000bdac900000) (1024K)]
  0x000002834cf39e80 ConcurrentGCThread "G1 Service"                [id=8872, stack(0x000000bdac900000,0x000000bdaca00000) (1024K)]
Total: 7

Threads with active compile tasks:
C2 CompilerThread0  322  122       4       java.lang.StringCoding::countPositives (33 bytes)
Total: 1

VM state: not at safepoint (normal execution)

VM Mutex/Monitor currently owned by a thread:  ([mutex/lock_event])
[0x00007ff95fd1c830] Metaspace_lock - owner thread: 0x0000028333292c00

Heap address: 0x0000000080000000, size: 2048 MB, Compressed Oops mode: 32-bit

CDS archive(s) not mapped
Compressed class space mapped at: 0x0000000100000000-0x0000000140000000, reserved size: 1073741824
Narrow klass base: 0x0000000000000000, Narrow klass shift: 3, Narrow klass range: 0x140000000

GC Precious Log:
 CardTable entry size: 512
 Card Set container configuration: InlinePtr #cards 5 size 8 Array Of Cards #cards 12 size 40 Howl #buckets 4 coarsen threshold 1843 Howl Bitmap #cards 512 size 80 coarsen threshold 460 Card regions per heap region 1 cards per card region 2048
 CPUs: 4 total, 4 available
 Memory: 3838M
 Large Page Support: Disabled
 NUMA Support: Disabled
 Compressed Oops: Enabled (32-bit)
 Heap Region Size: 1M
 Heap Min Capacity: 128M
 Heap Initial Capacity: 128M
 Heap Max Capacity: 2G
 Pre-touch: Disabled
 Parallel Workers: 4
 Concurrent Workers: 1
 Concurrent Refinement Workers: 4
 Periodic GC: Disabled

Heap:
 garbage-first heap   total 131072K, used 3072K [0x0000000080000000, 0x0000000100000000)
  region size 1024K, 2 young (2048K), 0 survivors (0K)
 Metaspace       used 6449K, committed 6528K, reserved 1114112K
  class space    used 496K, committed 512K, reserved 1048576K

Heap Regions: E=young(eden), S=young(survivor), O=old, HS=humongous(starts), HC=humongous(continues), CS=collection set, F=free, TAMS=top-at-mark-start, PB=parsable bottom
|   0|0x0000000080000000, 0x0000000080100000, 0x0000000080100000|100%|HS|  |TAMS 0x0000000080000000| PB 0x0000000080000000| Complete 
|   1|0x0000000080100000, 0x0000000080200000, 0x0000000080200000|100%|HC|  |TAMS 0x0000000080100000| PB 0x0000000080100000| Complete 
|   2|0x0000000080200000, 0x0000000080200000, 0x0000000080300000|  0%| F|  |TAMS 0x0000000080200000| PB 0x0000000080200000| Untracked 
|   3|0x0000000080300000, 0x0000000080300000, 0x0000000080400000|  0%| F|  |TAMS 0x0000000080300000| PB 0x0000000080300000| Untracked 
|   4|0x0000000080400000, 0x0000000080400000, 0x0000000080500000|  0%| F|  |TAMS 0x0000000080400000| PB 0x0000000080400000| Untracked 
|   5|0x0000000080500000, 0x0000000080500000, 0x0000000080600000|  0%| F|  |TAMS 0x0000000080500000| PB 0x0000000080500000| Untracked 
|   6|0x0000000080600000, 0x0000000080600000, 0x0000000080700000|  0%| F|  |TAMS 0x0000000080600000| PB 0x0000000080600000| Untracked 
|   7|0x0000000080700000, 0x0000000080700000, 0x0000000080800000|  0%| F|  |TAMS 0x0000000080700000| PB 0x0000000080700000| Untracked 
|   8|0x0000000080800000, 0x0000000080800000, 0x0000000080900000|  0%| F|  |TAMS 0x0000000080800000| PB 0x0000000080800000| Untracked 
|   9|0x0000000080900000, 0x0000000080900000, 0x0000000080a00000|  0%| F|  |TAMS 0x0000000080900000| PB 0x0000000080900000| Untracked 
|  10|0x0000000080a00000, 0x0000000080a00000, 0x0000000080b00000|  0%| F|  |TAMS 0x0000000080a00000| PB 0x0000000080a00000| Untracked 
|  11|0x0000000080b00000, 0x0000000080b00000, 0x0000000080c00000|  0%| F|  |TAMS 0x0000000080b00000| PB 0x0000000080b00000| Untracked 
|  12|0x0000000080c00000, 0x0000000080c00000, 0x0000000080d00000|  0%| F|  |TAMS 0x0000000080c00000| PB 0x0000000080c00000| Untracked 
|  13|0x0000000080d00000, 0x0000000080d00000, 0x0000000080e00000|  0%| F|  |TAMS 0x0000000080d00000| PB 0x0000000080d00000| Untracked 
|  14|0x0000000080e00000, 0x0000000080e00000, 0x0000000080f00000|  0%| F|  |TAMS 0x0000000080e00000| PB 0x0000000080e00000| Untracked 
|  15|0x0000000080f00000, 0x0000000080f00000, 0x0000000081000000|  0%| F|  |TAMS 0x0000000080f00000| PB 0x0000000080f00000| Untracked 
|  16|0x0000000081000000, 0x0000000081000000, 0x0000000081100000|  0%| F|  |TAMS 0x0000000081000000| PB 0x0000000081000000| Untracked 
|  17|0x0000000081100000, 0x0000000081100000, 0x0000000081200000|  0%| F|  |TAMS 0x0000000081100000| PB 0x0000000081100000| Untracked 
|  18|0x0000000081200000, 0x0000000081200000, 0x0000000081300000|  0%| F|  |TAMS 0x0000000081200000| PB 0x0000000081200000| Untracked 
|  19|0x0000000081300000, 0x0000000081300000, 0x0000000081400000|  0%| F|  |TAMS 0x0000000081300000| PB 0x0000000081300000| Untracked 
|  20|0x0000000081400000, 0x0000000081400000, 0x0000000081500000|  0%| F|  |TAMS 0x0000000081400000| PB 0x0000000081400000| Untracked 
|  21|0x0000000081500000, 0x0000000081500000, 0x0000000081600000|  0%| F|  |TAMS 0x0000000081500000| PB 0x0000000081500000| Untracked 
|  22|0x0000000081600000, 0x0000000081600000, 0x0000000081700000|  0%| F|  |TAMS 0x0000000081600000| PB 0x0000000081600000| Untracked 
|  23|0x0000000081700000, 0x0000000081700000, 0x0000000081800000|  0%| F|  |TAMS 0x0000000081700000| PB 0x0000000081700000| Untracked 
|  24|0x0000000081800000, 0x0000000081800000, 0x0000000081900000|  0%| F|  |TAMS 0x0000000081800000| PB 0x0000000081800000| Untracked 
|  25|0x0000000081900000, 0x0000000081900000, 0x0000000081a00000|  0%| F|  |TAMS 0x0000000081900000| PB 0x0000000081900000| Untracked 
|  26|0x0000000081a00000, 0x0000000081a00000, 0x0000000081b00000|  0%| F|  |TAMS 0x0000000081a00000| PB 0x0000000081a00000| Untracked 
|  27|0x0000000081b00000, 0x0000000081b00000, 0x0000000081c00000|  0%| F|  |TAMS 0x0000000081b00000| PB 0x0000000081b00000| Untracked 
|  28|0x0000000081c00000, 0x0000000081c00000, 0x0000000081d00000|  0%| F|  |TAMS 0x0000000081c00000| PB 0x0000000081c00000| Untracked 
|  29|0x0000000081d00000, 0x0000000081d00000, 0x0000000081e00000|  0%| F|  |TAMS 0x0000000081d00000| PB 0x0000000081d00000| Untracked 
|  30|0x0000000081e00000, 0x0000000081e00000, 0x0000000081f00000|  0%| F|  |TAMS 0x0000000081e00000| PB 0x0000000081e00000| Untracked 
|  31|0x0000000081f00000, 0x0000000081f00000, 0x0000000082000000|  0%| F|  |TAMS 0x0000000081f00000| PB 0x0000000081f00000| Untracked 
|  32|0x0000000082000000, 0x0000000082000000, 0x0000000082100000|  0%| F|  |TAMS 0x0000000082000000| PB 0x0000000082000000| Untracked 
|  33|0x0000000082100000, 0x0000000082100000, 0x0000000082200000|  0%| F|  |TAMS 0x0000000082100000| PB 0x0000000082100000| Untracked 
|  34|0x0000000082200000, 0x0000000082200000, 0x0000000082300000|  0%| F|  |TAMS 0x0000000082200000| PB 0x0000000082200000| Untracked 
|  35|0x0000000082300000, 0x0000000082300000, 0x0000000082400000|  0%| F|  |TAMS 0x0000000082300000| PB 0x0000000082300000| Untracked 
|  36|0x0000000082400000, 0x0000000082400000, 0x0000000082500000|  0%| F|  |TAMS 0x0000000082400000| PB 0x0000000082400000| Untracked 
|  37|0x0000000082500000, 0x0000000082500000, 0x0000000082600000|  0%| F|  |TAMS 0x0000000082500000| PB 0x0000000082500000| Untracked 
|  38|0x0000000082600000, 0x0000000082600000, 0x0000000082700000|  0%| F|  |TAMS 0x0000000082600000| PB 0x0000000082600000| Untracked 
|  39|0x0000000082700000, 0x0000000082700000, 0x0000000082800000|  0%| F|  |TAMS 0x0000000082700000| PB 0x0000000082700000| Untracked 
|  40|0x0000000082800000, 0x0000000082800000, 0x0000000082900000|  0%| F|  |TAMS 0x0000000082800000| PB 0x0000000082800000| Untracked 
|  41|0x0000000082900000, 0x0000000082900000, 0x0000000082a00000|  0%| F|  |TAMS 0x0000000082900000| PB 0x0000000082900000| Untracked 
|  42|0x0000000082a00000, 0x0000000082a00000, 0x0000000082b00000|  0%| F|  |TAMS 0x0000000082a00000| PB 0x0000000082a00000| Untracked 
|  43|0x0000000082b00000, 0x0000000082b00000, 0x0000000082c00000|  0%| F|  |TAMS 0x0000000082b00000| PB 0x0000000082b00000| Untracked 
|  44|0x0000000082c00000, 0x0000000082c00000, 0x0000000082d00000|  0%| F|  |TAMS 0x0000000082c00000| PB 0x0000000082c00000| Untracked 
|  45|0x0000000082d00000, 0x0000000082d00000, 0x0000000082e00000|  0%| F|  |TAMS 0x0000000082d00000| PB 0x0000000082d00000| Untracked 
|  46|0x0000000082e00000, 0x0000000082e00000, 0x0000000082f00000|  0%| F|  |TAMS 0x0000000082e00000| PB 0x0000000082e00000| Untracked 
|  47|0x0000000082f00000, 0x0000000082f00000, 0x0000000083000000|  0%| F|  |TAMS 0x0000000082f00000| PB 0x0000000082f00000| Untracked 
|  48|0x0000000083000000, 0x0000000083000000, 0x0000000083100000|  0%| F|  |TAMS 0x0000000083000000| PB 0x0000000083000000| Untracked 
|  49|0x0000000083100000, 0x0000000083100000, 0x0000000083200000|  0%| F|  |TAMS 0x0000000083100000| PB 0x0000000083100000| Untracked 
|  50|0x0000000083200000, 0x0000000083200000, 0x0000000083300000|  0%| F|  |TAMS 0x0000000083200000| PB 0x0000000083200000| Untracked 
|  51|0x0000000083300000, 0x0000000083300000, 0x0000000083400000|  0%| F|  |TAMS 0x0000000083300000| PB 0x0000000083300000| Untracked 
|  52|0x0000000083400000, 0x0000000083400000, 0x0000000083500000|  0%| F|  |TAMS 0x0000000083400000| PB 0x0000000083400000| Untracked 
|  53|0x0000000083500000, 0x0000000083500000, 0x0000000083600000|  0%| F|  |TAMS 0x0000000083500000| PB 0x0000000083500000| Untracked 
|  54|0x0000000083600000, 0x0000000083600000, 0x0000000083700000|  0%| F|  |TAMS 0x0000000083600000| PB 0x0000000083600000| Untracked 
|  55|0x0000000083700000, 0x0000000083700000, 0x0000000083800000|  0%| F|  |TAMS 0x0000000083700000| PB 0x0000000083700000| Untracked 
|  56|0x0000000083800000, 0x0000000083800000, 0x0000000083900000|  0%| F|  |TAMS 0x0000000083800000| PB 0x0000000083800000| Untracked 
|  57|0x0000000083900000, 0x0000000083900000, 0x0000000083a00000|  0%| F|  |TAMS 0x0000000083900000| PB 0x0000000083900000| Untracked 
|  58|0x0000000083a00000, 0x0000000083a00000, 0x0000000083b00000|  0%| F|  |TAMS 0x0000000083a00000| PB 0x0000000083a00000| Untracked 
|  59|0x0000000083b00000, 0x0000000083b00000, 0x0000000083c00000|  0%| F|  |TAMS 0x0000000083b00000| PB 0x0000000083b00000| Untracked 
|  60|0x0000000083c00000, 0x0000000083c00000, 0x0000000083d00000|  0%| F|  |TAMS 0x0000000083c00000| PB 0x0000000083c00000| Untracked 
|  61|0x0000000083d00000, 0x0000000083d00000, 0x0000000083e00000|  0%| F|  |TAMS 0x0000000083d00000| PB 0x0000000083d00000| Untracked 
|  62|0x0000000083e00000, 0x0000000083e00000, 0x0000000083f00000|  0%| F|  |TAMS 0x0000000083e00000| PB 0x0000000083e00000| Untracked 
|  63|0x0000000083f00000, 0x0000000083f00000, 0x0000000084000000|  0%| F|  |TAMS 0x0000000083f00000| PB 0x0000000083f00000| Untracked 
|  64|0x0000000084000000, 0x0000000084000000, 0x0000000084100000|  0%| F|  |TAMS 0x0000000084000000| PB 0x0000000084000000| Untracked 
|  65|0x0000000084100000, 0x0000000084100000, 0x0000000084200000|  0%| F|  |TAMS 0x0000000084100000| PB 0x0000000084100000| Untracked 
|  66|0x0000000084200000, 0x0000000084200000, 0x0000000084300000|  0%| F|  |TAMS 0x0000000084200000| PB 0x0000000084200000| Untracked 
|  67|0x0000000084300000, 0x0000000084300000, 0x0000000084400000|  0%| F|  |TAMS 0x0000000084300000| PB 0x0000000084300000| Untracked 
|  68|0x0000000084400000, 0x0000000084400000, 0x0000000084500000|  0%| F|  |TAMS 0x0000000084400000| PB 0x0000000084400000| Untracked 
|  69|0x0000000084500000, 0x0000000084500000, 0x0000000084600000|  0%| F|  |TAMS 0x0000000084500000| PB 0x0000000084500000| Untracked 
|  70|0x0000000084600000, 0x0000000084600000, 0x0000000084700000|  0%| F|  |TAMS 0x0000000084600000| PB 0x0000000084600000| Untracked 
|  71|0x0000000084700000, 0x0000000084700000, 0x0000000084800000|  0%| F|  |TAMS 0x0000000084700000| PB 0x0000000084700000| Untracked 
|  72|0x0000000084800000, 0x0000000084800000, 0x0000000084900000|  0%| F|  |TAMS 0x0000000084800000| PB 0x0000000084800000| Untracked 
|  73|0x0000000084900000, 0x0000000084900000, 0x0000000084a00000|  0%| F|  |TAMS 0x0000000084900000| PB 0x0000000084900000| Untracked 
|  74|0x0000000084a00000, 0x0000000084a00000, 0x0000000084b00000|  0%| F|  |TAMS 0x0000000084a00000| PB 0x0000000084a00000| Untracked 
|  75|0x0000000084b00000, 0x0000000084b00000, 0x0000000084c00000|  0%| F|  |TAMS 0x0000000084b00000| PB 0x0000000084b00000| Untracked 
|  76|0x0000000084c00000, 0x0000000084c00000, 0x0000000084d00000|  0%| F|  |TAMS 0x0000000084c00000| PB 0x0000000084c00000| Untracked 
|  77|0x0000000084d00000, 0x0000000084d00000, 0x0000000084e00000|  0%| F|  |TAMS 0x0000000084d00000| PB 0x0000000084d00000| Untracked 
|  78|0x0000000084e00000, 0x0000000084e00000, 0x0000000084f00000|  0%| F|  |TAMS 0x0000000084e00000| PB 0x0000000084e00000| Untracked 
|  79|0x0000000084f00000, 0x0000000084f00000, 0x0000000085000000|  0%| F|  |TAMS 0x0000000084f00000| PB 0x0000000084f00000| Untracked 
|  80|0x0000000085000000, 0x0000000085000000, 0x0000000085100000|  0%| F|  |TAMS 0x0000000085000000| PB 0x0000000085000000| Untracked 
|  81|0x0000000085100000, 0x0000000085100000, 0x0000000085200000|  0%| F|  |TAMS 0x0000000085100000| PB 0x0000000085100000| Untracked 
|  82|0x0000000085200000, 0x0000000085200000, 0x0000000085300000|  0%| F|  |TAMS 0x0000000085200000| PB 0x0000000085200000| Untracked 
|  83|0x0000000085300000, 0x0000000085300000, 0x0000000085400000|  0%| F|  |TAMS 0x0000000085300000| PB 0x0000000085300000| Untracked 
|  84|0x0000000085400000, 0x0000000085400000, 0x0000000085500000|  0%| F|  |TAMS 0x0000000085400000| PB 0x0000000085400000| Untracked 
|  85|0x0000000085500000, 0x0000000085500000, 0x0000000085600000|  0%| F|  |TAMS 0x0000000085500000| PB 0x0000000085500000| Untracked 
|  86|0x0000000085600000, 0x0000000085600000, 0x0000000085700000|  0%| F|  |TAMS 0x0000000085600000| PB 0x0000000085600000| Untracked 
|  87|0x0000000085700000, 0x0000000085700000, 0x0000000085800000|  0%| F|  |TAMS 0x0000000085700000| PB 0x0000000085700000| Untracked 
|  88|0x0000000085800000, 0x0000000085800000, 0x0000000085900000|  0%| F|  |TAMS 0x0000000085800000| PB 0x0000000085800000| Untracked 
|  89|0x0000000085900000, 0x0000000085900000, 0x0000000085a00000|  0%| F|  |TAMS 0x0000000085900000| PB 0x0000000085900000| Untracked 
|  90|0x0000000085a00000, 0x0000000085a00000, 0x0000000085b00000|  0%| F|  |TAMS 0x0000000085a00000| PB 0x0000000085a00000| Untracked 
|  91|0x0000000085b00000, 0x0000000085b00000, 0x0000000085c00000|  0%| F|  |TAMS 0x0000000085b00000| PB 0x0000000085b00000| Untracked 
|  92|0x0000000085c00000, 0x0000000085c00000, 0x0000000085d00000|  0%| F|  |TAMS 0x0000000085c00000| PB 0x0000000085c00000| Untracked 
|  93|0x0000000085d00000, 0x0000000085d00000, 0x0000000085e00000|  0%| F|  |TAMS 0x0000000085d00000| PB 0x0000000085d00000| Untracked 
|  94|0x0000000085e00000, 0x0000000085e00000, 0x0000000085f00000|  0%| F|  |TAMS 0x0000000085e00000| PB 0x0000000085e00000| Untracked 
|  95|0x0000000085f00000, 0x0000000085f00000, 0x0000000086000000|  0%| F|  |TAMS 0x0000000085f00000| PB 0x0000000085f00000| Untracked 
|  96|0x0000000086000000, 0x0000000086000000, 0x0000000086100000|  0%| F|  |TAMS 0x0000000086000000| PB 0x0000000086000000| Untracked 
|  97|0x0000000086100000, 0x0000000086100000, 0x0000000086200000|  0%| F|  |TAMS 0x0000000086100000| PB 0x0000000086100000| Untracked 
|  98|0x0000000086200000, 0x0000000086200000, 0x0000000086300000|  0%| F|  |TAMS 0x0000000086200000| PB 0x0000000086200000| Untracked 
|  99|0x0000000086300000, 0x0000000086300000, 0x0000000086400000|  0%| F|  |TAMS 0x0000000086300000| PB 0x0000000086300000| Untracked 
| 100|0x0000000086400000, 0x0000000086400000, 0x0000000086500000|  0%| F|  |TAMS 0x0000000086400000| PB 0x0000000086400000| Untracked 
| 101|0x0000000086500000, 0x0000000086500000, 0x0000000086600000|  0%| F|  |TAMS 0x0000000086500000| PB 0x0000000086500000| Untracked 
| 102|0x0000000086600000, 0x0000000086600000, 0x0000000086700000|  0%| F|  |TAMS 0x0000000086600000| PB 0x0000000086600000| Untracked 
| 103|0x0000000086700000, 0x0000000086700000, 0x0000000086800000|  0%| F|  |TAMS 0x0000000086700000| PB 0x0000000086700000| Untracked 
| 104|0x0000000086800000, 0x0000000086800000, 0x0000000086900000|  0%| F|  |TAMS 0x0000000086800000| PB 0x0000000086800000| Untracked 
| 105|0x0000000086900000, 0x0000000086900000, 0x0000000086a00000|  0%| F|  |TAMS 0x0000000086900000| PB 0x0000000086900000| Untracked 
| 106|0x0000000086a00000, 0x0000000086a00000, 0x0000000086b00000|  0%| F|  |TAMS 0x0000000086a00000| PB 0x0000000086a00000| Untracked 
| 107|0x0000000086b00000, 0x0000000086b00000, 0x0000000086c00000|  0%| F|  |TAMS 0x0000000086b00000| PB 0x0000000086b00000| Untracked 
| 108|0x0000000086c00000, 0x0000000086c00000, 0x0000000086d00000|  0%| F|  |TAMS 0x0000000086c00000| PB 0x0000000086c00000| Untracked 
| 109|0x0000000086d00000, 0x0000000086d00000, 0x0000000086e00000|  0%| F|  |TAMS 0x0000000086d00000| PB 0x0000000086d00000| Untracked 
| 110|0x0000000086e00000, 0x0000000086e00000, 0x0000000086f00000|  0%| F|  |TAMS 0x0000000086e00000| PB 0x0000000086e00000| Untracked 
| 111|0x0000000086f00000, 0x0000000086f00000, 0x0000000087000000|  0%| F|  |TAMS 0x0000000086f00000| PB 0x0000000086f00000| Untracked 
| 112|0x0000000087000000, 0x0000000087000000, 0x0000000087100000|  0%| F|  |TAMS 0x0000000087000000| PB 0x0000000087000000| Untracked 
| 113|0x0000000087100000, 0x0000000087100000, 0x0000000087200000|  0%| F|  |TAMS 0x0000000087100000| PB 0x0000000087100000| Untracked 
| 114|0x0000000087200000, 0x0000000087200000, 0x0000000087300000|  0%| F|  |TAMS 0x0000000087200000| PB 0x0000000087200000| Untracked 
| 115|0x0000000087300000, 0x0000000087300000, 0x0000000087400000|  0%| F|  |TAMS 0x0000000087300000| PB 0x0000000087300000| Untracked 
| 116|0x0000000087400000, 0x0000000087400000, 0x0000000087500000|  0%| F|  |TAMS 0x0000000087400000| PB 0x0000000087400000| Untracked 
| 117|0x0000000087500000, 0x0000000087500000, 0x0000000087600000|  0%| F|  |TAMS 0x0000000087500000| PB 0x0000000087500000| Untracked 
| 118|0x0000000087600000, 0x0000000087600000, 0x0000000087700000|  0%| F|  |TAMS 0x0000000087600000| PB 0x0000000087600000| Untracked 
| 119|0x0000000087700000, 0x0000000087700000, 0x0000000087800000|  0%| F|  |TAMS 0x0000000087700000| PB 0x0000000087700000| Untracked 
| 120|0x0000000087800000, 0x0000000087800000, 0x0000000087900000|  0%| F|  |TAMS 0x0000000087800000| PB 0x0000000087800000| Untracked 
| 121|0x0000000087900000, 0x0000000087900000, 0x0000000087a00000|  0%| F|  |TAMS 0x0000000087900000| PB 0x0000000087900000| Untracked 
| 122|0x0000000087a00000, 0x0000000087a00000, 0x0000000087b00000|  0%| F|  |TAMS 0x0000000087a00000| PB 0x0000000087a00000| Untracked 
| 123|0x0000000087b00000, 0x0000000087b00000, 0x0000000087c00000|  0%| F|  |TAMS 0x0000000087b00000| PB 0x0000000087b00000| Untracked 
| 124|0x0000000087c00000, 0x0000000087c00000, 0x0000000087d00000|  0%| F|  |TAMS 0x0000000087c00000| PB 0x0000000087c00000| Untracked 
| 125|0x0000000087d00000, 0x0000000087d00000, 0x0000000087e00000|  0%| F|  |TAMS 0x0000000087d00000| PB 0x0000000087d00000| Untracked 
| 126|0x0000000087e00000, 0x0000000087effc58, 0x0000000087f00000| 99%| E|  |TAMS 0x0000000087e00000| PB 0x0000000087e00000| Complete 
| 127|0x0000000087f00000, 0x0000000088000000, 0x0000000088000000|100%| E|CS|TAMS 0x0000000087f00000| PB 0x0000000087f00000| Complete 

Card table byte_map: [0x00000283487e0000,0x0000028348be0000] _byte_map_base: 0x00000283483e0000

Marking Bits: (CMBitMap*) 0x00000283354968e0
 Bits: [0x0000028348be0000, 0x000002834abe0000)

Polling page: 0x0000028334c10000

Metaspace:

Usage:
  Non-class:      5.81 MB used.
      Class:    496.29 KB used.
       Both:      6.30 MB used.

Virtual space:
  Non-class space:       64.00 MB reserved,       5.88 MB (  9%) committed,  1 nodes.
      Class space:        1.00 GB reserved,     512.00 KB ( <1%) committed,  1 nodes.
             Both:        1.06 GB reserved,       6.38 MB ( <1%) committed. 

Chunk freelists:
   Non-Class:  10.12 MB
       Class:  15.51 MB
        Both:  25.64 MB

MaxMetaspaceSize: unlimited
CompressedClassSpaceSize: 1.00 GB
Initial GC threshold: 21.00 MB
Current GC threshold: 21.00 MB
CDS: off
 - commit_granule_bytes: 65536.
 - commit_granule_words: 8192.
 - virtual_space_node_default_size: 8388608.
 - enlarge_chunks_in_place: 1.
 - use_allocation_guard: 0.


Internal statistics:

num_allocs_failed_limit: 0.
num_arena_births: 4.
num_arena_deaths: 0.
num_vsnodes_births: 2.
num_vsnodes_deaths: 0.
num_space_committed: 102.
num_space_uncommitted: 0.
num_chunks_returned_to_freelist: 0.
num_chunks_taken_from_freelist: 13.
num_chunk_merges: 0.
num_chunk_splits: 4.
num_chunks_enlarged: 1.
num_inconsistent_stats: 0.

CodeHeap 'non-profiled nmethods': size=120000Kb used=38Kb max_used=38Kb free=119961Kb
 bounds [0x0000028340eb0000, 0x0000028341120000, 0x00000283483e0000]
CodeHeap 'profiled nmethods': size=120000Kb used=140Kb max_used=140Kb free=119860Kb
 bounds [0x00000283393e0000, 0x0000028339650000, 0x0000028340910000]
CodeHeap 'non-nmethods': size=5760Kb used=1365Kb max_used=1379Kb free=4394Kb
 bounds [0x0000028340910000, 0x0000028340b80000, 0x0000028340eb0000]
 total_blobs=505 nmethods=121 adapters=289
 compilation: enabled
              stopped_count=0, restarted_count=0
 full_count=0

Compilation events (20 events):
Event: 0.279 Thread 0x000002834d29a4b0  101       3       java.util.zip.ZipUtils::SH (21 bytes)
Event: 0.280 Thread 0x000002834d29a4b0 nmethod 101 0x00000283393fae90 code [0x00000283393fb040, 0x00000283393fb188]
Event: 0.280 Thread 0x000002834d29a4b0  102       3       java.lang.StringCoding::countPositives (33 bytes)
Event: 0.280 Thread 0x000002834d29a4b0 nmethod 102 0x00000283393fb290 code [0x00000283393fb440, 0x00000283393fb660]
Event: 0.285 Thread 0x000002834d29a4b0  103       3       java.io.WinNTFileSystem::isSlash (18 bytes)
Event: 0.286 Thread 0x000002834d29a4b0 nmethod 103 0x00000283393fb790 code [0x00000283393fb940, 0x00000283393fbad0]
Event: 0.293 Thread 0x000002834d29a4b0  106       3       jdk.internal.misc.VM::isBooted (13 bytes)
Event: 0.293 Thread 0x000002834d29a4b0 nmethod 106 0x00000283393fbb90 code [0x00000283393fbd20, 0x00000283393fbe70]
Event: 0.293 Thread 0x000002834d29a4b0  108       3       java.util.zip.ZipUtils::CENCOM (9 bytes)
Event: 0.293 Thread 0x000002834d299e10  109       4       java.util.zip.ZipUtils::SH (21 bytes)
Event: 0.293 Thread 0x000002834d29a4b0 nmethod 108 0x00000283393fbf10 code [0x00000283393fc0c0, 0x00000283393fc268]
Event: 0.293 Thread 0x000002834d29a4b0  110       3       java.util.zip.ZipUtils::CENEXT (9 bytes)
Event: 0.294 Thread 0x000002834d29a4b0 nmethod 110 0x00000283393fc390 code [0x00000283393fc540, 0x00000283393fc6e8]
Event: 0.294 Thread 0x000002834d29a4b0  107       1       java.util.zip.ZipCoder$UTF8ZipCoder::isUTF8 (2 bytes)
Event: 0.294 Thread 0x000002834d29a4b0 nmethod 107 0x0000028340eb9290 code [0x0000028340eb9420, 0x0000028340eb94e8]
Event: 0.294 Thread 0x000002834d29a4b0  111       3       java.util.zip.ZipUtils::LG (22 bytes)
Event: 0.294 Thread 0x000002834d29a4b0 nmethod 111 0x00000283393fc810 code [0x00000283393fc9c0, 0x00000283393fcc30]
Event: 0.294 Thread 0x000002834d29a4b0  112   !   3       java.util.zip.ZipFile$Source::checkAndAddEntry (295 bytes)
Event: 0.294 Thread 0x000002834d299e10 nmethod 109 0x0000028340eb9590 code [0x0000028340eb9720, 0x0000028340eb9800]
Event: 0.294 Thread 0x000002834d299e10  122       4       java.lang.StringCoding::countPositives (33 bytes)

GC Heap History (0 events):
No events

Dll operation events (2 events):
Event: 0.028 Loaded shared library C:\Program Files\JetBrains\PhpStorm 2024.3.4\jbr\bin\java.dll
Event: 0.056 Loaded shared library C:\Program Files\JetBrains\PhpStorm 2024.3.4\jbr\bin\zip.dll

Deoptimization events (0 events):
No events

Classes loaded (20 events):
Event: 0.282 Loading class jdk/internal/perf/PerfCounter$CoreCounters
Event: 0.282 Loading class jdk/internal/perf/PerfCounter$CoreCounters done
Event: 0.283 Loading class sun/nio/ch/DirectBuffer
Event: 0.283 Loading class sun/nio/ch/DirectBuffer done
Event: 0.283 Loading class java/nio/DirectByteBuffer
Event: 0.283 Loading class java/nio/MappedByteBuffer
Event: 0.284 Loading class java/nio/MappedByteBuffer done
Event: 0.284 Loading class java/nio/DirectByteBuffer done
Event: 0.284 Loading class java/nio/Bits
Event: 0.284 Loading class java/nio/Bits done
Event: 0.284 Loading class java/util/concurrent/atomic/AtomicLong
Event: 0.284 Loading class java/util/concurrent/atomic/AtomicLong done
Event: 0.284 Loading class java/nio/Bits$1
Event: 0.284 Loading class jdk/internal/misc/VM$BufferPool
Event: 0.284 Loading class jdk/internal/misc/VM$BufferPool done
Event: 0.284 Loading class java/nio/Bits$1 done
Event: 0.284 Loading class java/nio/DirectLongBufferU
Event: 0.285 Loading class java/nio/LongBuffer
Event: 0.285 Loading class java/nio/LongBuffer done
Event: 0.285 Loading class java/nio/DirectLongBufferU done

Classes unloaded (0 events):
No events

Classes redefined (0 events):
No events

Internal exceptions (0 events):
No events

ZGC Phase Switch (0 events):
No events

VM Operations (0 events):
No events

Memory protections (0 events):
No events

Nmethod flushes (0 events):
No events

Events (13 events):
Event: 0.052 Thread 0x0000028333292c00 Thread added: 0x0000028333292c00
Event: 0.170 Thread 0x0000028333292c00 Thread added: 0x000002834d28d840
Event: 0.171 Thread 0x0000028333292c00 Thread added: 0x000002834d290560
Event: 0.173 Thread 0x0000028333292c00 Thread added: 0x000002834d291fc0
Event: 0.173 Thread 0x0000028333292c00 Thread added: 0x000002834d294a20
Event: 0.173 Thread 0x0000028333292c00 Thread added: 0x000002834d295470
Event: 0.173 Thread 0x0000028333292c00 Thread added: 0x000002834d295ec0
Event: 0.173 Thread 0x0000028333292c00 Thread added: 0x000002834d299e10
Event: 0.173 Thread 0x0000028333292c00 Thread added: 0x000002834d29a4b0
Event: 0.250 Thread 0x0000028333292c00 Thread added: 0x000002834d4760c0
Event: 0.255 Thread 0x0000028333292c00 Thread added: 0x000002834d479960
Event: 0.271 Loaded shared library C:\Program Files\JetBrains\PhpStorm 2024.3.4\jbr\bin\net.dll
Event: 0.276 Loaded shared library C:\Program Files\JetBrains\PhpStorm 2024.3.4\jbr\bin\nio.dll


Dynamic libraries:
0x00007ff7241d0000 - 0x00007ff7241da000 	C:\Program Files\JetBrains\PhpStorm 2024.3.4\jbr\bin\java.exe
0x00007ff9a5c70000 - 0x00007ff9a5e68000 	C:\Windows\SYSTEM32\ntdll.dll
0x00007ff9a4950000 - 0x00007ff9a4a12000 	C:\Windows\System32\KERNEL32.DLL
0x00007ff9a3360000 - 0x00007ff9a365f000 	C:\Windows\System32\KERNELBASE.dll
0x00007ff9a3a70000 - 0x00007ff9a3b70000 	C:\Windows\System32\ucrtbase.dll
0x00007ff96a4c0000 - 0x00007ff96a4d8000 	C:\Program Files\JetBrains\PhpStorm 2024.3.4\jbr\bin\jli.dll
0x00007ff983db0000 - 0x00007ff983dcb000 	C:\Program Files\JetBrains\PhpStorm 2024.3.4\jbr\bin\VCRUNTIME140.dll
0x00007ff9a2760000 - 0x00007ff9a29fa000 	C:\Windows\WinSxS\amd64_microsoft.windows.common-controls_6595b64144ccf1df_6.0.19041.4355_none_60b8b9eb71f62e16\COMCTL32.dll
0x00007ff9a3ca0000 - 0x00007ff9a3d3e000 	C:\Windows\System32\msvcrt.dll
0x00007ff9a5610000 - 0x00007ff9a57ad000 	C:\Windows\System32\USER32.dll
0x00007ff9a4bd0000 - 0x00007ff9a4bfb000 	C:\Windows\System32\GDI32.dll
0x00007ff9a38c0000 - 0x00007ff9a38e2000 	C:\Windows\System32\win32u.dll
0x00007ff9a3b70000 - 0x00007ff9a3c8a000 	C:\Windows\System32\gdi32full.dll
0x00007ff9a39d0000 - 0x00007ff9a3a6d000 	C:\Windows\System32\msvcp_win.dll
0x00007ff9a4c00000 - 0x00007ff9a4c2f000 	C:\Windows\System32\IMM32.DLL
0x00007ff98e750000 - 0x00007ff98e75c000 	C:\Program Files\JetBrains\PhpStorm 2024.3.4\jbr\bin\vcruntime140_1.dll
0x00007ff93d2f0000 - 0x00007ff93d37d000 	C:\Program Files\JetBrains\PhpStorm 2024.3.4\jbr\bin\msvcp140.dll
0x00007ff95f050000 - 0x00007ff95fe11000 	C:\Program Files\JetBrains\PhpStorm 2024.3.4\jbr\bin\server\jvm.dll
0x00007ff9a52c0000 - 0x00007ff9a536f000 	C:\Windows\System32\ADVAPI32.dll
0x00007ff9a3e90000 - 0x00007ff9a3f2f000 	C:\Windows\System32\sechost.dll
0x00007ff9a4a20000 - 0x00007ff9a4b43000 	C:\Windows\System32\RPCRT4.dll
0x00007ff9a39a0000 - 0x00007ff9a39c7000 	C:\Windows\System32\bcrypt.dll
0x00007ff9a4c30000 - 0x00007ff9a4c9b000 	C:\Windows\System32\WS2_32.dll
0x00007ff99f2a0000 - 0x00007ff99f2aa000 	C:\Windows\SYSTEM32\VERSION.dll
0x00007ff9a3170000 - 0x00007ff9a31bb000 	C:\Windows\SYSTEM32\POWRPROF.dll
0x00007ff98e110000 - 0x00007ff98e137000 	C:\Windows\SYSTEM32\WINMM.dll
0x00007ff9a3150000 - 0x00007ff9a3162000 	C:\Windows\SYSTEM32\UMPDC.dll
0x00007ff9a1470000 - 0x00007ff9a1482000 	C:\Windows\SYSTEM32\kernel.appcore.dll
0x00007ff98a080000 - 0x00007ff98a08a000 	C:\Program Files\JetBrains\PhpStorm 2024.3.4\jbr\bin\jimage.dll
0x00007ff9a2c10000 - 0x00007ff9a2df4000 	C:\Windows\SYSTEM32\DBGHELP.DLL
0x00007ff9a2bd0000 - 0x00007ff9a2c04000 	C:\Windows\SYSTEM32\dbgcore.DLL
0x00007ff9a36d0000 - 0x00007ff9a3752000 	C:\Windows\System32\bcryptPrimitives.dll
0x00007ff978f10000 - 0x00007ff978f30000 	C:\Program Files\JetBrains\PhpStorm 2024.3.4\jbr\bin\java.dll
0x00007ff978ef0000 - 0x00007ff978f08000 	C:\Program Files\JetBrains\PhpStorm 2024.3.4\jbr\bin\zip.dll
0x00007ff9a3f30000 - 0x00007ff9a469d000 	C:\Windows\System32\SHELL32.dll
0x00007ff9a0360000 - 0x00007ff9a0b04000 	C:\Windows\SYSTEM32\windows.storage.dll
0x00007ff9a58d0000 - 0x00007ff9a5c25000 	C:\Windows\System32\combase.dll
0x00007ff9a2520000 - 0x00007ff9a254b000 	C:\Windows\SYSTEM32\Wldp.dll
0x00007ff9a3dc0000 - 0x00007ff9a3e8d000 	C:\Windows\System32\OLEAUT32.dll
0x00007ff9a4700000 - 0x00007ff9a47ad000 	C:\Windows\System32\SHCORE.dll
0x00007ff9a46a0000 - 0x00007ff9a46f5000 	C:\Windows\System32\shlwapi.dll
0x00007ff9a3240000 - 0x00007ff9a3265000 	C:\Windows\SYSTEM32\profapi.dll
0x00007ff989a40000 - 0x00007ff989a50000 	C:\Program Files\JetBrains\PhpStorm 2024.3.4\jbr\bin\net.dll
0x00007ff9985d0000 - 0x00007ff9986da000 	C:\Windows\SYSTEM32\WINHTTP.dll
0x00007ff9a22b0000 - 0x00007ff9a231c000 	C:\Windows\system32\mswsock.dll
0x00007ff978ed0000 - 0x00007ff978ee6000 	C:\Program Files\JetBrains\PhpStorm 2024.3.4\jbr\bin\nio.dll

dbghelp: loaded successfully - version: 4.0.5 - missing functions: none
symbol engine: initialized successfully - sym options: 0x614 - pdb path: .;C:\Program Files\JetBrains\PhpStorm 2024.3.4\jbr\bin;C:\Windows\SYSTEM32;C:\Windows\WinSxS\amd64_microsoft.windows.common-controls_6595b64144ccf1df_6.0.19041.4355_none_60b8b9eb71f62e16;C:\Program Files\JetBrains\PhpStorm 2024.3.4\jbr\bin\server

VM Arguments:
jvm_args: -Dorg.sqlite.tmpdir=C:\Users\tiles\AppData\Local\JetBrains\PhpStorm2024.3\jdbc-native-deps\Xerial SQLiteJDBC\3.45.1\sqlite-jdbc-3.45.1.0\libs -Djava.rmi.server.hostname=127.0.0.1 -Duser.timezone=UTC -Xmx2048m -Xms128m -Djdbc.classpath=C:\Users\tiles\AppData\Local\Temp\RemoteDriver9.classpath.txt --add-exports=java.desktop/sun.awt=ALL-UNNAMED --add-exports=java.desktop/java.awt.peer=ALL-UNNAMED --add-opens=java.desktop/java.awt=ALL-UNNAMED --add-opens=jdk.unsupported/sun.misc=ALL-UNNAMED --add-opens=java.base/java.nio=ALL-UNNAMED --add-opens=java.base/java.util=ALL-UNNAMED -Dfile.encoding=UTF-8 -Dsun.stdout.encoding=UTF-8 -Dsun.stderr.encoding=UTF-8 
java_command: com.intellij.database.remote.RemoteJdbcServer org.sqlite.JDBC
java_class_path (initial): C:\Program Files\JetBrains\PhpStorm 2024.3.4\lib\util_rt.jar;C:\Program Files\JetBrains\PhpStorm 2024.3.4\lib\util-8.jar;C:\Program Files\JetBrains\PhpStorm 2024.3.4\lib\groovy.jar;C:\Program Files\JetBrains\PhpStorm 2024.3.4\plugins\DatabaseTools\lib\jdbc-console.jar;C:\Program Files\JetBrains\PhpStorm 2024.3.4\plugins\grid-core-impl\lib\jdbc-console-types.jar;C:\Program Files\JetBrains\PhpStorm 2024.3.4\lib\util.jar;C:\Program Files\JetBrains\PhpStorm 2024.3.4\lib\bouncy-castle.jar
Launcher Type: SUN_STANDARD

[Global flags]
     intx CICompilerCount                          = 3                                         {product} {ergonomic}
     uint ConcGCThreads                            = 1                                         {product} {ergonomic}
     uint G1ConcRefinementThreads                  = 4                                         {product} {ergonomic}
   size_t G1HeapRegionSize                         = 1048576                                   {product} {ergonomic}
    uintx GCDrainStackTargetSize                   = 64                                        {product} {ergonomic}
   size_t InitialHeapSize                          = 134217728                                 {product} {command line}
   size_t MarkStackSize                            = 4194304                                   {product} {ergonomic}
   size_t MaxHeapSize                              = 2147483648                                {product} {command line}
   size_t MaxNewSize                               = 1287651328                                {product} {ergonomic}
   size_t MinHeapDeltaBytes                        = 1048576                                   {product} {ergonomic}
   size_t MinHeapSize                              = 134217728                                 {product} {command line}
    uintx NonNMethodCodeHeapSize                   = 5832780                                {pd product} {ergonomic}
    uintx NonProfiledCodeHeapSize                  = 122912730                              {pd product} {ergonomic}
    uintx ProfiledCodeHeapSize                     = 122912730                              {pd product} {ergonomic}
    uintx ReservedCodeCacheSize                    = 251658240                              {pd product} {ergonomic}
     bool SegmentedCodeCache                       = true                                      {product} {ergonomic}
   size_t SoftMaxHeapSize                          = 2147483648                             {manageable} {ergonomic}
     bool UseCompressedOops                        = true                           {product lp64_product} {ergonomic}
     bool UseG1GC                                  = true                                      {product} {ergonomic}
     bool UseLargePagesIndividualAllocation        = false                                  {pd product} {ergonomic}

Logging:
Log output configuration:
 #0: stdout all=warning uptime,level,tags foldmultilines=false
 #1: stderr all=off uptime,level,tags foldmultilines=false

Environment Variables:
PATH=C:\Program Files\Common Files\Oracle\Java\javapath;C:\Program Files\Microsoft MPI\Bin\;C:\ProgramData\Oracle\Java\javapath;C:\Windows\system32;C:\Windows;C:\Windows\System32\Wbem;C:\Windows\System32\WindowsPowerShell\v1.0\;C:\Windows\System32\OpenSSH\;C:\Program Files\Azure Data Studio\bin;C:\Program Files\Git\cmd;C:\Program Files\nodejs\;C:\Users\tiles\AppData\Roaming\Microsoft\Windows\Start Menu\Programs\MongoDB Inc\mongosh-2.1.1-win32-x64\bin;C:\Program Files\Go\bin;C:\Users\tiles\Desktop\ngrok-v3-stable-windows-amd64;;C:\Program Files\Docker\Docker\resources\bin;C:\composer;C:\Users\tiles\AppData\Local\Microsoft\WindowsApps;C:\Program Files\Azure Data Studio\bin;C:\Program Files\JetBrains\PyCharm Community Edition 2022.3.2\bin;;C:\Users\tiles\AppData\Local\Programs\Microsoft VS Code\bin;C:\Users\tiles\AppData\Roaming\npm;C:\Program Files\heroku\bin;C:\Users\tiles\go\bin;C:\Program Files\Go\bin;C:\Maven\apache-maven-3.9.9\bin;C:\wamp64\bin\php\php8.4.0;C:\Users\tiles\AppData\Roaming\Composer\vendor\bin
USERNAME=tiles
OS=Windows_NT
PROCESSOR_IDENTIFIER=Intel64 Family 6 Model 126 Stepping 5, GenuineIntel
TMP=C:\Users\tiles\AppData\Local\Temp
TEMP=C:\Users\tiles\AppData\Local\Temp




Periodic native trim disabled

JNI global refs:
JNI global refs: 8, weak refs: 0

JNI global refs memory usage: 835, weak refs: 201

Process memory usage:
Resident Set Size: 37168K (0% of 3930488K total physical memory with 119988K free physical memory)

OOME stack traces (most recent first):
Classloader memory used:
